[0.008s] Invoking command in '/home/nils/knapp_ws/build/more_interfaces': CMAKE_PREFIX_PATH=${CMAKE_PREFIX_PATH}:/home/nils/install/python_parameters:/home/nils/install/py_srvcli:/home/nils/install/py_pubsub:/opt/ros/foxy /usr/bin/cmake /home/nils/knapp_ws/src/more_interfaces -DCMAKE_INSTALL_PREFIX=/home/nils/knapp_ws/install/more_interfaces
[0.091s] -- The C compiler identification is GNU 9.3.0
[0.172s] -- The CXX compiler identification is GNU 9.3.0
[0.179s] -- Check for working C compiler: /usr/bin/cc
[0.249s] -- Check for working C compiler: /usr/bin/cc -- works
[0.250s] -- Detecting C compiler ABI info
[0.315s] -- Detecting C compiler ABI info - done
[0.329s] -- Detecting C compile features
[0.330s] -- Detecting C compile features - done
[0.335s] -- Check for working CXX compiler: /usr/bin/c++
[0.409s] -- Check for working CXX compiler: /usr/bin/c++ -- works
[0.410s] -- Detecting CXX compiler ABI info
[0.487s] -- Detecting CXX compiler ABI info - done
[0.500s] -- Detecting CXX compile features
[0.501s] -- Detecting CXX compile features - done
[0.504s] -- Found ament_cmake: 0.9.8 (/opt/ros/foxy/share/ament_cmake/cmake)
[0.534s] -- Found PythonInterp: /usr/bin/python3 (found suitable version "3.8.5", minimum required is "3") 
[0.534s] -- Using PYTHON_EXECUTABLE: /usr/bin/python3
[0.749s] -- Found rosidl_default_generators: 1.0.0 (/opt/ros/foxy/share/rosidl_default_generators/cmake)
[0.755s] -- Using all available rosidl_typesupport_c: rosidl_typesupport_fastrtps_c;rosidl_typesupport_introspection_c
[0.764s] -- Found rosidl_adapter: 1.2.0 (/opt/ros/foxy/share/rosidl_adapter/cmake)
[0.868s] -- Found OpenSSL: /usr/lib/x86_64-linux-gnu/libcrypto.so (found version "1.1.1f")  
[0.897s] -- Found FastRTPS: /opt/ros/foxy/include  
[0.985s] -- Using all available rosidl_typesupport_cpp: rosidl_typesupport_fastrtps_cpp;rosidl_typesupport_introspection_cpp
[1.018s] -- Found rclcpp: 2.3.0 (/opt/ros/foxy/share/rclcpp/cmake)
[1.091s] -- Found rmw_implementation_cmake: 1.0.2 (/opt/ros/foxy/share/rmw_implementation_cmake/cmake)
[1.093s] -- Using RMW implementation 'rmw_fastrtps_cpp' as default
[1.095s] -- Looking for pthread.h
[1.167s] -- Looking for pthread.h - found
[1.168s] -- Performing Test CMAKE_HAVE_LIBC_PTHREAD
[1.246s] -- Performing Test CMAKE_HAVE_LIBC_PTHREAD - Failed
[1.246s] -- Looking for pthread_create in pthreads
[1.303s] -- Looking for pthread_create in pthreads - not found
[1.303s] -- Looking for pthread_create in pthread
[1.371s] -- Looking for pthread_create in pthread - found
[1.373s] -- Found Threads: TRUE  
[1.580s] -- Found PythonInterp: /usr/bin/python3 (found version "3.8.5") 
[1.726s] -- Found ament_cmake_ros: 0.9.1 (/opt/ros/foxy/share/ament_cmake_ros/cmake)
[1.850s] -- Using all available rosidl_typesupport_c: rosidl_typesupport_fastrtps_c;rosidl_typesupport_introspection_c
[1.864s] -- Using all available rosidl_typesupport_cpp: rosidl_typesupport_fastrtps_cpp;rosidl_typesupport_introspection_cpp
[1.890s] -- Found PythonInterp: /usr/bin/python3 (found suitable version "3.8.5", minimum required is "3.5") 
[1.893s] -- Found python_cmake_module: 0.8.0 (/opt/ros/foxy/share/python_cmake_module/cmake)
[1.928s] -- Found PythonLibs: /usr/lib/x86_64-linux-gnu/libpython3.8.so (found suitable version "3.8.5", minimum required is "3.5") 
[1.928s] -- Using PYTHON_EXECUTABLE: /usr/bin/python3
[1.928s] -- Using PYTHON_INCLUDE_DIRS: /usr/include/python3.8
[1.928s] -- Using PYTHON_LIBRARIES: /usr/lib/x86_64-linux-gnu/libpython3.8.so
[1.955s] -- Found PythonExtra: .so  
[2.010s] -- Found ament_lint_auto: 0.9.6 (/opt/ros/foxy/share/ament_lint_auto/cmake)
[2.054s] -- Added test 'copyright' to check source files copyright and LICENSE
[2.056s] -- Added test 'cppcheck' to perform static code analysis on C / C++ code
[2.057s] -- Configured cppcheck include dirs: 
[2.058s] -- Configured cppcheck exclude dirs and/or files: 
[2.060s] -- Added test 'cpplint' to check C / C++ code against the Google style
[2.060s] -- Configured cpplint exclude dirs and/or files: 
[2.062s] -- Added test 'lint_cmake' to check CMake code style
[2.064s] -- Added test 'uncrustify' to check C / C++ code style
[2.064s] -- Configured uncrustify additional arguments: 
[2.065s] -- Added test 'xmllint' to check XML markup files
[2.071s] -- Configuring done
[2.110s] -- Generating done
[2.114s] -- Build files have been written to: /home/nils/knapp_ws/build/more_interfaces
[2.128s] Invoked command in '/home/nils/knapp_ws/build/more_interfaces' returned '0': CMAKE_PREFIX_PATH=${CMAKE_PREFIX_PATH}:/home/nils/install/python_parameters:/home/nils/install/py_srvcli:/home/nils/install/py_pubsub:/opt/ros/foxy /usr/bin/cmake /home/nils/knapp_ws/src/more_interfaces -DCMAKE_INSTALL_PREFIX=/home/nils/knapp_ws/install/more_interfaces
[2.129s] Invoking command in '/home/nils/knapp_ws/build/more_interfaces': CMAKE_PREFIX_PATH=${CMAKE_PREFIX_PATH}:/home/nils/install/python_parameters:/home/nils/install/py_srvcli:/home/nils/install/py_pubsub:/opt/ros/foxy /usr/bin/cmake --build /home/nils/knapp_ws/build/more_interfaces -- -j1 -l1
[2.182s] [35m[1mScanning dependencies of target more_interfaces__cpp[0m
[2.193s] [  3%] [34m[1mGenerating C++ code for ROS interfaces[0m
[2.452s] [  3%] Built target more_interfaces__cpp
[2.463s] [  6%] [34m[1mGenerating C++ introspection for ROS interfaces[0m
[2.706s] [35m[1mScanning dependencies of target more_interfaces__rosidl_typesupport_introspection_cpp[0m
[2.724s] [  9%] [32mBuilding CXX object CMakeFiles/more_interfaces__rosidl_typesupport_introspection_cpp.dir/rosidl_typesupport_introspection_cpp/more_interfaces/msg/detail/order__type_support.cpp.o[0m
[3.057s] [ 12%] [32m[1mLinking CXX shared library libmore_interfaces__rosidl_typesupport_introspection_cpp.so[0m
[3.129s] [ 12%] Built target more_interfaces__rosidl_typesupport_introspection_cpp
[3.139s] [ 15%] [34m[1mGenerating C++ type support dispatch for ROS interfaces[0m
[3.381s] [35m[1mScanning dependencies of target more_interfaces__rosidl_typesupport_cpp[0m
[3.394s] [ 18%] [32mBuilding CXX object CMakeFiles/more_interfaces__rosidl_typesupport_cpp.dir/rosidl_typesupport_cpp/more_interfaces/msg/order__type_support.cpp.o[0m
[3.735s] [ 21%] [32m[1mLinking CXX shared library libmore_interfaces__rosidl_typesupport_cpp.so[0m
[3.796s] [ 21%] Built target more_interfaces__rosidl_typesupport_cpp
[3.806s] [ 24%] [34m[1mGenerating C code for ROS interfaces[0m
[4.074s] [35m[1mScanning dependencies of target more_interfaces__rosidl_generator_c[0m
[4.087s] [ 27%] [32mBuilding C object CMakeFiles/more_interfaces__rosidl_generator_c.dir/rosidl_generator_c/more_interfaces/msg/detail/order__functions.c.o[0m
[4.132s] [ 30%] [32m[1mLinking C shared library libmore_interfaces__rosidl_generator_c.so[0m
[4.168s] [ 30%] Built target more_interfaces__rosidl_generator_c
[4.178s] [ 33%] [34m[1mGenerating C type support dispatch for ROS interfaces[0m
[4.401s] [35m[1mScanning dependencies of target more_interfaces__rosidl_typesupport_c[0m
[4.414s] [ 36%] [32mBuilding CXX object CMakeFiles/more_interfaces__rosidl_typesupport_c.dir/rosidl_typesupport_c/more_interfaces/msg/order__type_support.cpp.o[0m
[4.445s] [ 39%] [32m[1mLinking CXX shared library libmore_interfaces__rosidl_typesupport_c.so[0m
[4.485s] [ 39%] Built target more_interfaces__rosidl_typesupport_c
[4.496s] [ 42%] [34m[1mGenerating C++ type support for eProsima Fast-RTPS[0m
[4.746s] [35m[1mScanning dependencies of target more_interfaces__rosidl_typesupport_fastrtps_cpp[0m
[4.769s] [ 45%] [32mBuilding CXX object CMakeFiles/more_interfaces__rosidl_typesupport_fastrtps_cpp.dir/rosidl_typesupport_fastrtps_cpp/more_interfaces/msg/detail/dds_fastrtps/order__type_support.cpp.o[0m
[5.271s] [ 48%] [32m[1mLinking CXX shared library libmore_interfaces__rosidl_typesupport_fastrtps_cpp.so[0m
[5.424s] [ 48%] Built target more_interfaces__rosidl_typesupport_fastrtps_cpp
[5.434s] [ 51%] [34m[1mGenerating C type support for eProsima Fast-RTPS[0m
[5.695s] [35m[1mScanning dependencies of target more_interfaces__rosidl_typesupport_fastrtps_c[0m
[5.711s] [ 54%] [32mBuilding CXX object CMakeFiles/more_interfaces__rosidl_typesupport_fastrtps_c.dir/rosidl_typesupport_fastrtps_c/more_interfaces/msg/detail/order__type_support_c.cpp.o[0m
[6.128s] [ 57%] [32m[1mLinking CXX shared library libmore_interfaces__rosidl_typesupport_fastrtps_c.so[0m
[6.235s] [ 57%] Built target more_interfaces__rosidl_typesupport_fastrtps_c
[6.246s] [ 60%] [34m[1mGenerating C introspection for ROS interfaces[0m
[6.499s] [35m[1mScanning dependencies of target more_interfaces__rosidl_typesupport_introspection_c[0m
[6.512s] [ 63%] [32mBuilding C object CMakeFiles/more_interfaces__rosidl_typesupport_introspection_c.dir/rosidl_typesupport_introspection_c/more_interfaces/msg/detail/order__type_support.c.o[0m
[6.545s] [ 66%] [32m[1mLinking C shared library libmore_interfaces__rosidl_typesupport_introspection_c.so[0m
[6.575s] [ 66%] Built target more_interfaces__rosidl_typesupport_introspection_c
[6.587s] [35m[1mScanning dependencies of target more_interfaces[0m
[6.597s] [ 66%] Built target more_interfaces
[6.608s] [35m[1mScanning dependencies of target more_interfaces__py[0m
[6.619s] [ 69%] [34m[1mGenerating Python code for ROS interfaces[0m
[7.427s] [ 69%] Built target more_interfaces__py
[7.438s] [35m[1mScanning dependencies of target more_interfaces__python[0m
[7.557s] [ 72%] [32mBuilding C object CMakeFiles/more_interfaces__python.dir/rosidl_generator_py/more_interfaces/msg/_order_s.c.o[0m
[7.722s] [ 75%] [32m[1mLinking C shared library rosidl_generator_py/more_interfaces/libmore_interfaces__python.so[0m
[7.760s] [ 75%] Built target more_interfaces__python
[7.771s] [35m[1mScanning dependencies of target more_interfaces__rosidl_typesupport_c__pyext[0m
[7.791s] [ 78%] [32mBuilding C object CMakeFiles/more_interfaces__rosidl_typesupport_c__pyext.dir/rosidl_generator_py/more_interfaces/_more_interfaces_s.ep.rosidl_typesupport_c.c.o[0m
[7.877s] [ 81%] [32m[1mLinking C shared library rosidl_generator_py/more_interfaces/more_interfaces_s__rosidl_typesupport_c.cpython-38-x86_64-linux-gnu.so[0m
[7.911s] [ 81%] Built target more_interfaces__rosidl_typesupport_c__pyext
[7.921s] [35m[1mScanning dependencies of target more_interfaces__rosidl_typesupport_introspection_c__pyext[0m
[7.941s] [ 84%] [32mBuilding C object CMakeFiles/more_interfaces__rosidl_typesupport_introspection_c__pyext.dir/rosidl_generator_py/more_interfaces/_more_interfaces_s.ep.rosidl_typesupport_introspection_c.c.o[0m
[8.034s] [ 87%] [32m[1mLinking C shared library rosidl_generator_py/more_interfaces/more_interfaces_s__rosidl_typesupport_introspection_c.cpython-38-x86_64-linux-gnu.so[0m
[8.068s] [ 87%] Built target more_interfaces__rosidl_typesupport_introspection_c__pyext
[8.078s] [35m[1mScanning dependencies of target more_interfaces__rosidl_typesupport_fastrtps_c__pyext[0m
[8.098s] [ 90%] [32mBuilding C object CMakeFiles/more_interfaces__rosidl_typesupport_fastrtps_c__pyext.dir/rosidl_generator_py/more_interfaces/_more_interfaces_s.ep.rosidl_typesupport_fastrtps_c.c.o[0m
[8.194s] [ 93%] [32m[1mLinking CXX shared library rosidl_generator_py/more_interfaces/more_interfaces_s__rosidl_typesupport_fastrtps_c.cpython-38-x86_64-linux-gnu.so[0m
[8.252s] [ 93%] Built target more_interfaces__rosidl_typesupport_fastrtps_c__pyext
[8.263s] [35m[1mScanning dependencies of target amr_node[0m
[8.296s] [ 96%] [32mBuilding CXX object CMakeFiles/amr_node.dir/src/amr_node.cpp.o[0m
[10.436s] [100%] [32m[1mLinking CXX executable amr_node[0m
[10.564s] [100%] Built target amr_node
[10.577s] Invoked command in '/home/nils/knapp_ws/build/more_interfaces' returned '0': CMAKE_PREFIX_PATH=${CMAKE_PREFIX_PATH}:/home/nils/install/python_parameters:/home/nils/install/py_srvcli:/home/nils/install/py_pubsub:/opt/ros/foxy /usr/bin/cmake --build /home/nils/knapp_ws/build/more_interfaces -- -j1 -l1
[10.643s] Invoking command in '/home/nils/knapp_ws/build/more_interfaces': CMAKE_PREFIX_PATH=${CMAKE_PREFIX_PATH}:/home/nils/install/python_parameters:/home/nils/install/py_srvcli:/home/nils/install/py_pubsub:/opt/ros/foxy /usr/bin/cmake --install /home/nils/knapp_ws/build/more_interfaces
[10.654s] -- Install configuration: ""
[10.655s] -- Installing: /home/nils/knapp_ws/install/more_interfaces/lib/more_interfaces/amr_node
[10.655s] -- Set runtime path of "/home/nils/knapp_ws/install/more_interfaces/lib/more_interfaces/amr_node" to ""
[10.655s] -- Installing: /home/nils/knapp_ws/install/more_interfaces/share/ament_index/resource_index/rosidl_interfaces/more_interfaces
[10.656s] -- Installing: /home/nils/knapp_ws/install/more_interfaces/include/more_interfaces
[10.656s] -- Installing: /home/nils/knapp_ws/install/more_interfaces/include/more_interfaces/msg
[10.656s] -- Installing: /home/nils/knapp_ws/install/more_interfaces/include/more_interfaces/msg/rosidl_generator_c__visibility_control.h
[10.656s] -- Installing: /home/nils/knapp_ws/install/more_interfaces/include/more_interfaces/msg/order.h
[10.657s] -- Installing: /home/nils/knapp_ws/install/more_interfaces/include/more_interfaces/msg/detail
[10.657s] -- Installing: /home/nils/knapp_ws/install/more_interfaces/include/more_interfaces/msg/detail/order__functions.c
[10.657s] -- Installing: /home/nils/knapp_ws/install/more_interfaces/include/more_interfaces/msg/detail/order__functions.h
[10.657s] -- Installing: /home/nils/knapp_ws/install/more_interfaces/include/more_interfaces/msg/detail/order__type_support.h
[10.658s] -- Installing: /home/nils/knapp_ws/install/more_interfaces/include/more_interfaces/msg/detail/order__struct.h
[10.658s] -- Installing: /home/nils/knapp_ws/install/more_interfaces/share/more_interfaces/environment/library_path.sh
[10.658s] -- Installing: /home/nils/knapp_ws/install/more_interfaces/share/more_interfaces/environment/library_path.dsv
[10.659s] -- Installing: /home/nils/knapp_ws/install/more_interfaces/lib/libmore_interfaces__rosidl_generator_c.so
[10.659s] -- Set runtime path of "/home/nils/knapp_ws/install/more_interfaces/lib/libmore_interfaces__rosidl_generator_c.so" to ""
[10.659s] -- Up-to-date: /home/nils/knapp_ws/install/more_interfaces/include/more_interfaces
[10.659s] -- Up-to-date: /home/nils/knapp_ws/install/more_interfaces/include/more_interfaces/msg
[10.659s] -- Installing: /home/nils/knapp_ws/install/more_interfaces/include/more_interfaces/msg/rosidl_typesupport_fastrtps_c__visibility_control.h
[10.660s] -- Up-to-date: /home/nils/knapp_ws/install/more_interfaces/include/more_interfaces/msg/detail
[10.660s] -- Installing: /home/nils/knapp_ws/install/more_interfaces/include/more_interfaces/msg/detail/order__rosidl_typesupport_fastrtps_c.h
[10.660s] -- Installing: /home/nils/knapp_ws/install/more_interfaces/lib/libmore_interfaces__rosidl_typesupport_fastrtps_c.so
[10.661s] -- Set runtime path of "/home/nils/knapp_ws/install/more_interfaces/lib/libmore_interfaces__rosidl_typesupport_fastrtps_c.so" to ""
[10.661s] -- Up-to-date: /home/nils/knapp_ws/install/more_interfaces/include/more_interfaces
[10.661s] -- Up-to-date: /home/nils/knapp_ws/install/more_interfaces/include/more_interfaces/msg
[10.661s] -- Up-to-date: /home/nils/knapp_ws/install/more_interfaces/include/more_interfaces/msg/detail
[10.661s] -- Installing: /home/nils/knapp_ws/install/more_interfaces/include/more_interfaces/msg/detail/dds_fastrtps
[10.662s] -- Installing: /home/nils/knapp_ws/install/more_interfaces/include/more_interfaces/msg/detail/order__rosidl_typesupport_fastrtps_cpp.hpp
[10.662s] -- Installing: /home/nils/knapp_ws/install/more_interfaces/include/more_interfaces/msg/rosidl_typesupport_fastrtps_cpp__visibility_control.h
[10.662s] -- Installing: /home/nils/knapp_ws/install/more_interfaces/lib/libmore_interfaces__rosidl_typesupport_fastrtps_cpp.so
[10.663s] -- Set runtime path of "/home/nils/knapp_ws/install/more_interfaces/lib/libmore_interfaces__rosidl_typesupport_fastrtps_cpp.so" to ""
[10.663s] -- Up-to-date: /home/nils/knapp_ws/install/more_interfaces/include/more_interfaces
[10.663s] -- Up-to-date: /home/nils/knapp_ws/install/more_interfaces/include/more_interfaces/msg
[10.663s] -- Installing: /home/nils/knapp_ws/install/more_interfaces/include/more_interfaces/msg/rosidl_typesupport_introspection_c__visibility_control.h
[10.663s] -- Up-to-date: /home/nils/knapp_ws/install/more_interfaces/include/more_interfaces/msg/detail
[10.663s] -- Installing: /home/nils/knapp_ws/install/more_interfaces/include/more_interfaces/msg/detail/order__rosidl_typesupport_introspection_c.h
[10.664s] -- Installing: /home/nils/knapp_ws/install/more_interfaces/include/more_interfaces/msg/detail/order__type_support.c
[10.664s] -- Installing: /home/nils/knapp_ws/install/more_interfaces/lib/libmore_interfaces__rosidl_typesupport_introspection_c.so
[10.665s] -- Set runtime path of "/home/nils/knapp_ws/install/more_interfaces/lib/libmore_interfaces__rosidl_typesupport_introspection_c.so" to ""
[10.665s] -- Installing: /home/nils/knapp_ws/install/more_interfaces/lib/libmore_interfaces__rosidl_typesupport_c.so
[10.665s] -- Set runtime path of "/home/nils/knapp_ws/install/more_interfaces/lib/libmore_interfaces__rosidl_typesupport_c.so" to ""
[10.665s] -- Up-to-date: /home/nils/knapp_ws/install/more_interfaces/include/more_interfaces
[10.666s] -- Up-to-date: /home/nils/knapp_ws/install/more_interfaces/include/more_interfaces/msg
[10.666s] -- Installing: /home/nils/knapp_ws/install/more_interfaces/include/more_interfaces/msg/order.hpp
[10.666s] -- Up-to-date: /home/nils/knapp_ws/install/more_interfaces/include/more_interfaces/msg/detail
[10.666s] -- Installing: /home/nils/knapp_ws/install/more_interfaces/include/more_interfaces/msg/detail/order__builder.hpp
[10.666s] -- Installing: /home/nils/knapp_ws/install/more_interfaces/include/more_interfaces/msg/detail/order__struct.hpp
[10.667s] -- Installing: /home/nils/knapp_ws/install/more_interfaces/include/more_interfaces/msg/detail/order__traits.hpp
[10.667s] -- Up-to-date: /home/nils/knapp_ws/install/more_interfaces/include/more_interfaces
[10.667s] -- Up-to-date: /home/nils/knapp_ws/install/more_interfaces/include/more_interfaces/msg
[10.667s] -- Up-to-date: /home/nils/knapp_ws/install/more_interfaces/include/more_interfaces/msg/detail
[10.667s] -- Installing: /home/nils/knapp_ws/install/more_interfaces/include/more_interfaces/msg/detail/order__rosidl_typesupport_introspection_cpp.hpp
[10.668s] -- Installing: /home/nils/knapp_ws/install/more_interfaces/include/more_interfaces/msg/detail/order__type_support.cpp
[10.668s] -- Installing: /home/nils/knapp_ws/install/more_interfaces/lib/libmore_interfaces__rosidl_typesupport_introspection_cpp.so
[10.669s] -- Set runtime path of "/home/nils/knapp_ws/install/more_interfaces/lib/libmore_interfaces__rosidl_typesupport_introspection_cpp.so" to ""
[10.669s] -- Installing: /home/nils/knapp_ws/install/more_interfaces/lib/libmore_interfaces__rosidl_typesupport_cpp.so
[10.669s] -- Set runtime path of "/home/nils/knapp_ws/install/more_interfaces/lib/libmore_interfaces__rosidl_typesupport_cpp.so" to ""
[10.669s] -- Installing: /home/nils/knapp_ws/install/more_interfaces/share/more_interfaces/environment/pythonpath.sh
[10.670s] -- Installing: /home/nils/knapp_ws/install/more_interfaces/share/more_interfaces/environment/pythonpath.dsv
[10.670s] -- Installing: /home/nils/knapp_ws/install/more_interfaces/lib/python3.8/site-packages/more_interfaces/__init__.py
[10.712s] Compiling '/home/nils/knapp_ws/install/more_interfaces/lib/python3.8/site-packages/more_interfaces/__init__.py'...
[10.720s] -- Installing: /home/nils/knapp_ws/install/more_interfaces/lib/python3.8/site-packages/more_interfaces/msg
[10.720s] -- Installing: /home/nils/knapp_ws/install/more_interfaces/lib/python3.8/site-packages/more_interfaces/msg/__init__.py
[10.721s] -- Installing: /home/nils/knapp_ws/install/more_interfaces/lib/python3.8/site-packages/more_interfaces/msg/_order_s.c
[10.721s] -- Installing: /home/nils/knapp_ws/install/more_interfaces/lib/python3.8/site-packages/more_interfaces/msg/_order.py
[10.721s] -- Installing: /home/nils/knapp_ws/install/more_interfaces/lib/python3.8/site-packages/more_interfaces/more_interfaces_s__rosidl_typesupport_fastrtps_c.cpython-38-x86_64-linux-gnu.so
[10.722s] -- Set runtime path of "/home/nils/knapp_ws/install/more_interfaces/lib/python3.8/site-packages/more_interfaces/more_interfaces_s__rosidl_typesupport_fastrtps_c.cpython-38-x86_64-linux-gnu.so" to ""
[10.722s] -- Installing: /home/nils/knapp_ws/install/more_interfaces/lib/python3.8/site-packages/more_interfaces/more_interfaces_s__rosidl_typesupport_introspection_c.cpython-38-x86_64-linux-gnu.so
[10.723s] -- Set runtime path of "/home/nils/knapp_ws/install/more_interfaces/lib/python3.8/site-packages/more_interfaces/more_interfaces_s__rosidl_typesupport_introspection_c.cpython-38-x86_64-linux-gnu.so" to ""
[10.723s] -- Installing: /home/nils/knapp_ws/install/more_interfaces/lib/python3.8/site-packages/more_interfaces/more_interfaces_s__rosidl_typesupport_c.cpython-38-x86_64-linux-gnu.so
[10.724s] -- Set runtime path of "/home/nils/knapp_ws/install/more_interfaces/lib/python3.8/site-packages/more_interfaces/more_interfaces_s__rosidl_typesupport_c.cpython-38-x86_64-linux-gnu.so" to ""
[10.724s] -- Installing: /home/nils/knapp_ws/install/more_interfaces/lib/libmore_interfaces__python.so
[10.724s] -- Set runtime path of "/home/nils/knapp_ws/install/more_interfaces/lib/libmore_interfaces__python.so" to ""
[10.725s] -- Installing: /home/nils/knapp_ws/install/more_interfaces/share/more_interfaces/msg/Order.idl
[10.725s] -- Installing: /home/nils/knapp_ws/install/more_interfaces/share/more_interfaces/msg/Order.msg
[10.725s] -- Installing: /home/nils/knapp_ws/install/more_interfaces/share/ament_index/resource_index/package_run_dependencies/more_interfaces
[10.726s] -- Installing: /home/nils/knapp_ws/install/more_interfaces/share/ament_index/resource_index/parent_prefix_path/more_interfaces
[10.726s] -- Installing: /home/nils/knapp_ws/install/more_interfaces/share/more_interfaces/environment/ament_prefix_path.sh
[10.726s] -- Installing: /home/nils/knapp_ws/install/more_interfaces/share/more_interfaces/environment/ament_prefix_path.dsv
[10.726s] -- Installing: /home/nils/knapp_ws/install/more_interfaces/share/more_interfaces/environment/path.sh
[10.727s] -- Installing: /home/nils/knapp_ws/install/more_interfaces/share/more_interfaces/environment/path.dsv
[10.727s] -- Installing: /home/nils/knapp_ws/install/more_interfaces/share/more_interfaces/local_setup.bash
[10.727s] -- Installing: /home/nils/knapp_ws/install/more_interfaces/share/more_interfaces/local_setup.sh
[10.728s] -- Installing: /home/nils/knapp_ws/install/more_interfaces/share/more_interfaces/local_setup.zsh
[10.728s] -- Installing: /home/nils/knapp_ws/install/more_interfaces/share/more_interfaces/local_setup.dsv
[10.728s] -- Installing: /home/nils/knapp_ws/install/more_interfaces/share/more_interfaces/package.dsv
[10.728s] -- Installing: /home/nils/knapp_ws/install/more_interfaces/share/ament_index/resource_index/packages/more_interfaces
[10.729s] -- Installing: /home/nils/knapp_ws/install/more_interfaces/share/more_interfaces/cmake/more_interfaces__rosidl_generator_cExport.cmake
[10.729s] -- Installing: /home/nils/knapp_ws/install/more_interfaces/share/more_interfaces/cmake/more_interfaces__rosidl_generator_cExport-noconfig.cmake
[10.729s] -- Installing: /home/nils/knapp_ws/install/more_interfaces/share/more_interfaces/cmake/more_interfaces__rosidl_typesupport_introspection_cExport.cmake
[10.730s] -- Installing: /home/nils/knapp_ws/install/more_interfaces/share/more_interfaces/cmake/more_interfaces__rosidl_typesupport_introspection_cExport-noconfig.cmake
[10.730s] -- Installing: /home/nils/knapp_ws/install/more_interfaces/share/more_interfaces/cmake/more_interfaces__rosidl_typesupport_cExport.cmake
[10.730s] -- Installing: /home/nils/knapp_ws/install/more_interfaces/share/more_interfaces/cmake/more_interfaces__rosidl_typesupport_cExport-noconfig.cmake
[10.731s] -- Installing: /home/nils/knapp_ws/install/more_interfaces/share/more_interfaces/cmake/more_interfaces__rosidl_generator_cppExport.cmake
[10.731s] -- Installing: /home/nils/knapp_ws/install/more_interfaces/share/more_interfaces/cmake/more_interfaces__rosidl_typesupport_introspection_cppExport.cmake
[10.731s] -- Installing: /home/nils/knapp_ws/install/more_interfaces/share/more_interfaces/cmake/more_interfaces__rosidl_typesupport_introspection_cppExport-noconfig.cmake
[10.732s] -- Installing: /home/nils/knapp_ws/install/more_interfaces/share/more_interfaces/cmake/more_interfaces__rosidl_typesupport_cppExport.cmake
[10.732s] -- Installing: /home/nils/knapp_ws/install/more_interfaces/share/more_interfaces/cmake/more_interfaces__rosidl_typesupport_cppExport-noconfig.cmake
[10.732s] -- Installing: /home/nils/knapp_ws/install/more_interfaces/share/more_interfaces/cmake/rosidl_cmake-extras.cmake
[10.732s] -- Installing: /home/nils/knapp_ws/install/more_interfaces/share/more_interfaces/cmake/ament_cmake_export_dependencies-extras.cmake
[10.733s] -- Installing: /home/nils/knapp_ws/install/more_interfaces/share/more_interfaces/cmake/ament_cmake_export_libraries-extras.cmake
[10.733s] -- Installing: /home/nils/knapp_ws/install/more_interfaces/share/more_interfaces/cmake/ament_cmake_export_targets-extras.cmake
[10.733s] -- Installing: /home/nils/knapp_ws/install/more_interfaces/share/more_interfaces/cmake/ament_cmake_export_include_directories-extras.cmake
[10.734s] -- Installing: /home/nils/knapp_ws/install/more_interfaces/share/more_interfaces/cmake/rosidl_cmake_export_typesupport_libraries-extras.cmake
[10.734s] -- Installing: /home/nils/knapp_ws/install/more_interfaces/share/more_interfaces/cmake/rosidl_cmake_export_typesupport_targets-extras.cmake
[10.734s] -- Installing: /home/nils/knapp_ws/install/more_interfaces/share/more_interfaces/cmake/more_interfacesConfig.cmake
[10.734s] -- Installing: /home/nils/knapp_ws/install/more_interfaces/share/more_interfaces/cmake/more_interfacesConfig-version.cmake
[10.735s] -- Installing: /home/nils/knapp_ws/install/more_interfaces/share/more_interfaces/package.xml
[10.740s] Invoked command in '/home/nils/knapp_ws/build/more_interfaces' returned '0': CMAKE_PREFIX_PATH=${CMAKE_PREFIX_PATH}:/home/nils/install/python_parameters:/home/nils/install/py_srvcli:/home/nils/install/py_pubsub:/opt/ros/foxy /usr/bin/cmake --install /home/nils/knapp_ws/build/more_interfaces
