[0.302s] DEBUG:colcon:Command line arguments: ['/usr/bin/colcon', 'build']
[0.303s] DEBUG:colcon:Parsed command line arguments: Namespace(ament_cmake_args=None, base_paths=['.'], build_base='build', catkin_cmake_args=None, catkin_skip_building_tests=False, cmake_args=None, cmake_clean_cache=False, cmake_clean_first=False, cmake_force_configure=False, cmake_target=None, cmake_target_skip_unavailable=False, continue_on_error=False, event_handlers=None, executor='parallel', ignore_user_meta=False, install_base='install', log_base=None, log_level=None, main=<bound method BuildVerb.main of <colcon_core.verb.build.BuildVerb object at 0x7f1973f03040>>, merge_install=False, metas=['./colcon.meta'], packages_above=None, packages_above_and_dependencies=None, packages_above_depth=None, packages_end=None, packages_ignore=None, packages_ignore_regex=None, packages_select=None, packages_select_build_failed=False, packages_select_by_dep=None, packages_select_regex=None, packages_select_test_failures=False, packages_skip=None, packages_skip_build_finished=False, packages_skip_by_dep=None, packages_skip_regex=None, packages_skip_test_passed=False, packages_skip_up_to=None, packages_start=None, packages_up_to=None, packages_up_to_regex=None, parallel_workers=1, paths=None, symlink_install=False, test_result_base=None, verb_extension=<colcon_core.verb.build.BuildVerb object at 0x7f1973f03040>, verb_name='build', verb_parser=<colcon_defaults.argument_parser.defaults.DefaultArgumentsDecorator object at 0x7f1973f03550>)
[0.308s] Level 1:colcon.colcon_core.package_discovery:discover_packages(colcon_meta) check parameters
[0.308s] Level 1:colcon.colcon_core.package_discovery:discover_packages(recursive) check parameters
[0.308s] Level 1:colcon.colcon_core.package_discovery:discover_packages(ignore) check parameters
[0.308s] Level 1:colcon.colcon_core.package_discovery:discover_packages(path) check parameters
[0.308s] Level 1:colcon.colcon_core.package_discovery:discover_packages(colcon_meta) discover
[0.308s] Level 1:colcon.colcon_core.package_discovery:discover_packages(recursive) discover
[0.308s] INFO:colcon.colcon_core.package_discovery:Crawling recursively for packages in '/home/nils/knapp_ws'
[0.308s] Level 1:colcon.colcon_core.package_identification:_identify(.) by extensions ['ignore', 'ignore_ament_install']
[0.308s] Level 1:colcon.colcon_core.package_identification:_identify(.) by extension 'ignore'
[0.309s] Level 1:colcon.colcon_core.package_identification:_identify(.) by extension 'ignore_ament_install'
[0.309s] Level 1:colcon.colcon_core.package_identification:_identify(.) by extensions ['colcon_pkg']
[0.309s] Level 1:colcon.colcon_core.package_identification:_identify(.) by extension 'colcon_pkg'
[0.309s] Level 1:colcon.colcon_core.package_identification:_identify(.) by extensions ['colcon_meta']
[0.309s] Level 1:colcon.colcon_core.package_identification:_identify(.) by extension 'colcon_meta'
[0.309s] Level 1:colcon.colcon_core.package_identification:_identify(.) by extensions ['ros']
[0.309s] Level 1:colcon.colcon_core.package_identification:_identify(.) by extension 'ros'
[0.321s] Level 1:colcon.colcon_core.package_identification:_identify(.) by extensions ['cmake', 'python']
[0.321s] Level 1:colcon.colcon_core.package_identification:_identify(.) by extension 'cmake'
[0.321s] Level 1:colcon.colcon_core.package_identification:_identify(.) by extension 'python'
[0.321s] Level 1:colcon.colcon_core.package_identification:_identify(.) by extensions ['python_setup_py']
[0.321s] Level 1:colcon.colcon_core.package_identification:_identify(.) by extension 'python_setup_py'
[0.322s] Level 1:colcon.colcon_core.package_identification:_identify(build) by extensions ['ignore', 'ignore_ament_install']
[0.322s] Level 1:colcon.colcon_core.package_identification:_identify(build) by extension 'ignore'
[0.322s] Level 1:colcon.colcon_core.package_identification:_identify(build) ignored
[0.322s] Level 1:colcon.colcon_core.package_identification:_identify(install) by extensions ['ignore', 'ignore_ament_install']
[0.322s] Level 1:colcon.colcon_core.package_identification:_identify(install) by extension 'ignore'
[0.322s] Level 1:colcon.colcon_core.package_identification:_identify(install) ignored
[0.322s] Level 1:colcon.colcon_core.package_identification:_identify(log) by extensions ['ignore', 'ignore_ament_install']
[0.322s] Level 1:colcon.colcon_core.package_identification:_identify(log) by extension 'ignore'
[0.322s] Level 1:colcon.colcon_core.package_identification:_identify(log) ignored
[0.322s] Level 1:colcon.colcon_core.package_identification:_identify(src) by extensions ['ignore', 'ignore_ament_install']
[0.322s] Level 1:colcon.colcon_core.package_identification:_identify(src) by extension 'ignore'
[0.322s] Level 1:colcon.colcon_core.package_identification:_identify(src) by extension 'ignore_ament_install'
[0.323s] Level 1:colcon.colcon_core.package_identification:_identify(src) by extensions ['colcon_pkg']
[0.323s] Level 1:colcon.colcon_core.package_identification:_identify(src) by extension 'colcon_pkg'
[0.323s] Level 1:colcon.colcon_core.package_identification:_identify(src) by extensions ['colcon_meta']
[0.323s] Level 1:colcon.colcon_core.package_identification:_identify(src) by extension 'colcon_meta'
[0.323s] Level 1:colcon.colcon_core.package_identification:_identify(src) by extensions ['ros']
[0.323s] Level 1:colcon.colcon_core.package_identification:_identify(src) by extension 'ros'
[0.323s] Level 1:colcon.colcon_core.package_identification:_identify(src) by extensions ['cmake', 'python']
[0.323s] Level 1:colcon.colcon_core.package_identification:_identify(src) by extension 'cmake'
[0.323s] Level 1:colcon.colcon_core.package_identification:_identify(src) by extension 'python'
[0.323s] Level 1:colcon.colcon_core.package_identification:_identify(src) by extensions ['python_setup_py']
[0.323s] Level 1:colcon.colcon_core.package_identification:_identify(src) by extension 'python_setup_py'
[0.323s] Level 1:colcon.colcon_core.package_identification:_identify(src/build) by extensions ['ignore', 'ignore_ament_install']
[0.323s] Level 1:colcon.colcon_core.package_identification:_identify(src/build) by extension 'ignore'
[0.323s] Level 1:colcon.colcon_core.package_identification:_identify(src/build) ignored
[0.323s] Level 1:colcon.colcon_core.package_identification:_identify(src/install) by extensions ['ignore', 'ignore_ament_install']
[0.323s] Level 1:colcon.colcon_core.package_identification:_identify(src/install) by extension 'ignore'
[0.323s] Level 1:colcon.colcon_core.package_identification:_identify(src/install) ignored
[0.324s] Level 1:colcon.colcon_core.package_identification:_identify(src/log) by extensions ['ignore', 'ignore_ament_install']
[0.324s] Level 1:colcon.colcon_core.package_identification:_identify(src/log) by extension 'ignore'
[0.324s] Level 1:colcon.colcon_core.package_identification:_identify(src/log) ignored
[0.324s] Level 1:colcon.colcon_core.package_identification:_identify(src/more_interfaces) by extensions ['ignore', 'ignore_ament_install']
[0.324s] Level 1:colcon.colcon_core.package_identification:_identify(src/more_interfaces) by extension 'ignore'
[0.324s] Level 1:colcon.colcon_core.package_identification:_identify(src/more_interfaces) by extension 'ignore_ament_install'
[0.324s] Level 1:colcon.colcon_core.package_identification:_identify(src/more_interfaces) by extensions ['colcon_pkg']
[0.324s] Level 1:colcon.colcon_core.package_identification:_identify(src/more_interfaces) by extension 'colcon_pkg'
[0.324s] Level 1:colcon.colcon_core.package_identification:_identify(src/more_interfaces) by extensions ['colcon_meta']
[0.324s] Level 1:colcon.colcon_core.package_identification:_identify(src/more_interfaces) by extension 'colcon_meta'
[0.324s] Level 1:colcon.colcon_core.package_identification:_identify(src/more_interfaces) by extensions ['ros']
[0.324s] Level 1:colcon.colcon_core.package_identification:_identify(src/more_interfaces) by extension 'ros'
[0.327s] DEBUG:colcon.colcon_core.package_identification:Package 'src/more_interfaces' with type 'ros.ament_cmake' and name 'more_interfaces'
[0.327s] Level 1:colcon.colcon_core.package_discovery:discover_packages(recursive) using defaults
[0.327s] Level 1:colcon.colcon_core.package_discovery:discover_packages(ignore) discover
[0.327s] Level 1:colcon.colcon_core.package_discovery:discover_packages(ignore) using defaults
[0.327s] Level 1:colcon.colcon_core.package_discovery:discover_packages(path) discover
[0.327s] Level 1:colcon.colcon_core.package_discovery:discover_packages(path) using defaults
[0.347s] Level 5:colcon.colcon_core.verb:set package 'more_interfaces' build argument 'cmake_args' from command line to 'None'
[0.347s] Level 5:colcon.colcon_core.verb:set package 'more_interfaces' build argument 'cmake_target' from command line to 'None'
[0.348s] Level 5:colcon.colcon_core.verb:set package 'more_interfaces' build argument 'cmake_target_skip_unavailable' from command line to 'False'
[0.348s] Level 5:colcon.colcon_core.verb:set package 'more_interfaces' build argument 'cmake_clean_cache' from command line to 'False'
[0.348s] Level 5:colcon.colcon_core.verb:set package 'more_interfaces' build argument 'cmake_clean_first' from command line to 'False'
[0.348s] Level 5:colcon.colcon_core.verb:set package 'more_interfaces' build argument 'cmake_force_configure' from command line to 'False'
[0.348s] Level 5:colcon.colcon_core.verb:set package 'more_interfaces' build argument 'ament_cmake_args' from command line to 'None'
[0.348s] Level 5:colcon.colcon_core.verb:set package 'more_interfaces' build argument 'catkin_cmake_args' from command line to 'None'
[0.348s] Level 5:colcon.colcon_core.verb:set package 'more_interfaces' build argument 'catkin_skip_building_tests' from command line to 'False'
[0.348s] DEBUG:colcon.colcon_core.verb:Building package 'more_interfaces' with the following arguments: {'ament_cmake_args': None, 'build_base': '/home/nils/knapp_ws/build/more_interfaces', 'catkin_cmake_args': None, 'catkin_skip_building_tests': False, 'cmake_args': None, 'cmake_clean_cache': False, 'cmake_clean_first': False, 'cmake_force_configure': False, 'cmake_target': None, 'cmake_target_skip_unavailable': False, 'install_base': '/home/nils/knapp_ws/install/more_interfaces', 'merge_install': False, 'path': '/home/nils/knapp_ws/src/more_interfaces', 'symlink_install': False, 'test_result_base': None}
[0.348s] INFO:colcon.colcon_core.executor:Executing jobs using 'parallel' executor
[0.350s] DEBUG:colcon.colcon_parallel_executor.executor.parallel:run_until_complete
[0.350s] INFO:colcon.colcon_ros.task.ament_cmake.build:Building ROS package in '/home/nils/knapp_ws/src/more_interfaces' with build type 'ament_cmake'
[0.350s] INFO:colcon.colcon_cmake.task.cmake.build:Building CMake package in '/home/nils/knapp_ws/src/more_interfaces'
[0.354s] INFO:colcon.colcon_core.plugin_system:Skipping extension 'colcon_core.shell.bat': Not used on non-Windows systems
[0.354s] INFO:colcon.colcon_core.shell:Skip shell extension 'powershell' for command environment: Not usable outside of PowerShell
[0.354s] DEBUG:colcon.colcon_core.shell:Skip shell extension 'dsv' for command environment
[0.358s] DEBUG:colcon.colcon_core.shell:Ignoring prefix path '/opt/ros/foxy'
[0.364s] DEBUG:colcon.colcon_core.event_handler.log_command:Invoking command in '/home/nils/knapp_ws/build/more_interfaces': CMAKE_PREFIX_PATH=${CMAKE_PREFIX_PATH}:/home/nils/install/python_parameters:/home/nils/install/py_srvcli:/home/nils/install/py_pubsub:/opt/ros/foxy /usr/bin/cmake /home/nils/knapp_ws/src/more_interfaces -DCMAKE_INSTALL_PREFIX=/home/nils/knapp_ws/install/more_interfaces
[2.484s] DEBUG:colcon.colcon_core.event_handler.log_command:Invoked command in '/home/nils/knapp_ws/build/more_interfaces' returned '0': CMAKE_PREFIX_PATH=${CMAKE_PREFIX_PATH}:/home/nils/install/python_parameters:/home/nils/install/py_srvcli:/home/nils/install/py_pubsub:/opt/ros/foxy /usr/bin/cmake /home/nils/knapp_ws/src/more_interfaces -DCMAKE_INSTALL_PREFIX=/home/nils/knapp_ws/install/more_interfaces
[2.485s] DEBUG:colcon.colcon_core.event_handler.log_command:Invoking command in '/home/nils/knapp_ws/build/more_interfaces': CMAKE_PREFIX_PATH=${CMAKE_PREFIX_PATH}:/home/nils/install/python_parameters:/home/nils/install/py_srvcli:/home/nils/install/py_pubsub:/opt/ros/foxy /usr/bin/cmake --build /home/nils/knapp_ws/build/more_interfaces -- -j1 -l1
[10.934s] DEBUG:colcon.colcon_core.event_handler.log_command:Invoked command in '/home/nils/knapp_ws/build/more_interfaces' returned '0': CMAKE_PREFIX_PATH=${CMAKE_PREFIX_PATH}:/home/nils/install/python_parameters:/home/nils/install/py_srvcli:/home/nils/install/py_pubsub:/opt/ros/foxy /usr/bin/cmake --build /home/nils/knapp_ws/build/more_interfaces -- -j1 -l1
[11.000s] DEBUG:colcon.colcon_core.event_handler.log_command:Invoking command in '/home/nils/knapp_ws/build/more_interfaces': CMAKE_PREFIX_PATH=${CMAKE_PREFIX_PATH}:/home/nils/install/python_parameters:/home/nils/install/py_srvcli:/home/nils/install/py_pubsub:/opt/ros/foxy /usr/bin/cmake --install /home/nils/knapp_ws/build/more_interfaces
[11.094s] Level 1:colcon.colcon_core.environment:create_environment_scripts_only(more_interfaces)
[11.097s] DEBUG:colcon.colcon_core.event_handler.log_command:Invoked command in '/home/nils/knapp_ws/build/more_interfaces' returned '0': CMAKE_PREFIX_PATH=${CMAKE_PREFIX_PATH}:/home/nils/install/python_parameters:/home/nils/install/py_srvcli:/home/nils/install/py_pubsub:/opt/ros/foxy /usr/bin/cmake --install /home/nils/knapp_ws/build/more_interfaces
[11.098s] Level 1:colcon.colcon_core.environment:checking '/home/nils/knapp_ws/install/more_interfaces' for CMake module files
[11.098s] Level 1:colcon.colcon_core.environment:checking '/home/nils/knapp_ws/install/more_interfaces' for CMake config files
[11.099s] Level 1:colcon.colcon_core.shell:create_environment_hook('more_interfaces', 'cmake_prefix_path')
[11.099s] INFO:colcon.colcon_core.shell:Creating environment hook '/home/nils/knapp_ws/install/more_interfaces/share/more_interfaces/hook/cmake_prefix_path.ps1'
[11.100s] INFO:colcon.colcon_core.shell:Creating environment descriptor '/home/nils/knapp_ws/install/more_interfaces/share/more_interfaces/hook/cmake_prefix_path.dsv'
[11.100s] INFO:colcon.colcon_core.shell:Creating environment hook '/home/nils/knapp_ws/install/more_interfaces/share/more_interfaces/hook/cmake_prefix_path.sh'
[11.102s] Level 1:colcon.colcon_core.environment:checking '/home/nils/knapp_ws/install/more_interfaces/lib'
[11.102s] Level 1:colcon.colcon_core.shell:create_environment_hook('more_interfaces', 'ld_library_path_lib')
[11.102s] INFO:colcon.colcon_core.shell:Creating environment hook '/home/nils/knapp_ws/install/more_interfaces/share/more_interfaces/hook/ld_library_path_lib.ps1'
[11.103s] INFO:colcon.colcon_core.shell:Creating environment descriptor '/home/nils/knapp_ws/install/more_interfaces/share/more_interfaces/hook/ld_library_path_lib.dsv'
[11.103s] INFO:colcon.colcon_core.shell:Creating environment hook '/home/nils/knapp_ws/install/more_interfaces/share/more_interfaces/hook/ld_library_path_lib.sh'
[11.103s] Level 1:colcon.colcon_core.environment:checking '/home/nils/knapp_ws/install/more_interfaces/bin'
[11.103s] Level 1:colcon.colcon_core.environment:checking '/home/nils/knapp_ws/install/more_interfaces/lib/pkgconfig/more_interfaces.pc'
[11.103s] Level 1:colcon.colcon_core.environment:checking '/home/nils/knapp_ws/install/more_interfaces/lib/python3.8/site-packages'
[11.103s] Level 1:colcon.colcon_core.shell:create_environment_hook('more_interfaces', 'pythonpath')
[11.104s] INFO:colcon.colcon_core.shell:Creating environment hook '/home/nils/knapp_ws/install/more_interfaces/share/more_interfaces/hook/pythonpath.ps1'
[11.105s] INFO:colcon.colcon_core.shell:Creating environment descriptor '/home/nils/knapp_ws/install/more_interfaces/share/more_interfaces/hook/pythonpath.dsv'
[11.105s] INFO:colcon.colcon_core.shell:Creating environment hook '/home/nils/knapp_ws/install/more_interfaces/share/more_interfaces/hook/pythonpath.sh'
[11.106s] INFO:colcon.colcon_core.shell:Creating package script '/home/nils/knapp_ws/install/more_interfaces/share/more_interfaces/package.ps1'
[11.107s] INFO:colcon.colcon_core.shell:Creating package descriptor '/home/nils/knapp_ws/install/more_interfaces/share/more_interfaces/package.dsv'
[11.107s] INFO:colcon.colcon_core.shell:Creating package script '/home/nils/knapp_ws/install/more_interfaces/share/more_interfaces/package.sh'
[11.108s] INFO:colcon.colcon_core.shell:Creating package script '/home/nils/knapp_ws/install/more_interfaces/share/more_interfaces/package.bash'
[11.109s] INFO:colcon.colcon_core.shell:Creating package script '/home/nils/knapp_ws/install/more_interfaces/share/more_interfaces/package.zsh'
[11.110s] Level 1:colcon.colcon_core.environment:create_file_with_runtime_dependencies(/home/nils/knapp_ws/install/more_interfaces/share/colcon-core/packages/more_interfaces)
[11.161s] Level 1:colcon.colcon_core.environment:create_environment_scripts_only(more_interfaces)
[11.162s] Level 1:colcon.colcon_core.environment:checking '/home/nils/knapp_ws/install/more_interfaces' for CMake module files
[11.162s] Level 1:colcon.colcon_core.environment:checking '/home/nils/knapp_ws/install/more_interfaces' for CMake config files
[11.163s] Level 1:colcon.colcon_core.shell:create_environment_hook('more_interfaces', 'cmake_prefix_path')
[11.164s] INFO:colcon.colcon_core.shell:Creating environment hook '/home/nils/knapp_ws/install/more_interfaces/share/more_interfaces/hook/cmake_prefix_path.ps1'
[11.165s] INFO:colcon.colcon_core.shell:Creating environment descriptor '/home/nils/knapp_ws/install/more_interfaces/share/more_interfaces/hook/cmake_prefix_path.dsv'
[11.165s] INFO:colcon.colcon_core.shell:Creating environment hook '/home/nils/knapp_ws/install/more_interfaces/share/more_interfaces/hook/cmake_prefix_path.sh'
[11.166s] Level 1:colcon.colcon_core.environment:checking '/home/nils/knapp_ws/install/more_interfaces/lib'
[11.166s] Level 1:colcon.colcon_core.shell:create_environment_hook('more_interfaces', 'ld_library_path_lib')
[11.167s] INFO:colcon.colcon_core.shell:Creating environment hook '/home/nils/knapp_ws/install/more_interfaces/share/more_interfaces/hook/ld_library_path_lib.ps1'
[11.168s] INFO:colcon.colcon_core.shell:Creating environment descriptor '/home/nils/knapp_ws/install/more_interfaces/share/more_interfaces/hook/ld_library_path_lib.dsv'
[11.168s] INFO:colcon.colcon_core.shell:Creating environment hook '/home/nils/knapp_ws/install/more_interfaces/share/more_interfaces/hook/ld_library_path_lib.sh'
[11.169s] Level 1:colcon.colcon_core.environment:checking '/home/nils/knapp_ws/install/more_interfaces/bin'
[11.169s] Level 1:colcon.colcon_core.environment:checking '/home/nils/knapp_ws/install/more_interfaces/lib/pkgconfig/more_interfaces.pc'
[11.169s] Level 1:colcon.colcon_core.environment:checking '/home/nils/knapp_ws/install/more_interfaces/lib/python3.8/site-packages'
[11.169s] Level 1:colcon.colcon_core.shell:create_environment_hook('more_interfaces', 'pythonpath')
[11.169s] INFO:colcon.colcon_core.shell:Creating environment hook '/home/nils/knapp_ws/install/more_interfaces/share/more_interfaces/hook/pythonpath.ps1'
[11.172s] INFO:colcon.colcon_core.shell:Creating environment descriptor '/home/nils/knapp_ws/install/more_interfaces/share/more_interfaces/hook/pythonpath.dsv'
[11.173s] INFO:colcon.colcon_core.shell:Creating environment hook '/home/nils/knapp_ws/install/more_interfaces/share/more_interfaces/hook/pythonpath.sh'
[11.174s] INFO:colcon.colcon_core.shell:Creating package script '/home/nils/knapp_ws/install/more_interfaces/share/more_interfaces/package.ps1'
[11.175s] INFO:colcon.colcon_core.shell:Creating package descriptor '/home/nils/knapp_ws/install/more_interfaces/share/more_interfaces/package.dsv'
[11.175s] INFO:colcon.colcon_core.shell:Creating package script '/home/nils/knapp_ws/install/more_interfaces/share/more_interfaces/package.sh'
[11.176s] INFO:colcon.colcon_core.shell:Creating package script '/home/nils/knapp_ws/install/more_interfaces/share/more_interfaces/package.bash'
[11.177s] INFO:colcon.colcon_core.shell:Creating package script '/home/nils/knapp_ws/install/more_interfaces/share/more_interfaces/package.zsh'
[11.177s] Level 1:colcon.colcon_core.environment:create_file_with_runtime_dependencies(/home/nils/knapp_ws/install/more_interfaces/share/colcon-core/packages/more_interfaces)
[11.178s] DEBUG:colcon.colcon_parallel_executor.executor.parallel:closing loop
[11.178s] DEBUG:colcon.colcon_parallel_executor.executor.parallel:loop closed
[11.178s] DEBUG:colcon.colcon_parallel_executor.executor.parallel:run_until_complete finished with '0'
[11.178s] DEBUG:colcon.colcon_core.event_reactor:joining thread
[11.185s] INFO:colcon.colcon_core.plugin_system:Skipping extension 'colcon_notification.desktop_notification.terminal_notifier': Not used on non-Darwin systems
[11.185s] INFO:colcon.colcon_core.plugin_system:Skipping extension 'colcon_notification.desktop_notification.win32': Not used on non-Windows systems
[11.185s] INFO:colcon.colcon_notification.desktop_notification:Sending desktop notification using 'notify2'
[11.213s] DEBUG:colcon.colcon_core.event_reactor:joined thread
[11.213s] INFO:colcon.colcon_core.shell:Creating prefix script '/home/nils/knapp_ws/install/local_setup.ps1'
[11.214s] INFO:colcon.colcon_core.shell:Creating prefix util module '/home/nils/knapp_ws/install/_local_setup_util_ps1.py'
[11.216s] INFO:colcon.colcon_core.shell:Creating prefix chain script '/home/nils/knapp_ws/install/setup.ps1'
[11.222s] INFO:colcon.colcon_core.shell:Creating prefix script '/home/nils/knapp_ws/install/local_setup.sh'
[11.225s] INFO:colcon.colcon_core.shell:Creating prefix util module '/home/nils/knapp_ws/install/_local_setup_util_sh.py'
[11.226s] INFO:colcon.colcon_core.shell:Creating prefix chain script '/home/nils/knapp_ws/install/setup.sh'
[11.236s] INFO:colcon.colcon_core.shell:Creating prefix script '/home/nils/knapp_ws/install/local_setup.bash'
[11.237s] INFO:colcon.colcon_core.shell:Creating prefix chain script '/home/nils/knapp_ws/install/setup.bash'
[11.240s] INFO:colcon.colcon_core.shell:Creating prefix script '/home/nils/knapp_ws/install/local_setup.zsh'
[11.245s] INFO:colcon.colcon_core.shell:Creating prefix chain script '/home/nils/knapp_ws/install/setup.zsh'
