[0.016s] Invoking command in '/home/nils/knapp_ws/build/more_interfaces': CMAKE_PREFIX_PATH=${CMAKE_PREFIX_PATH}:/home/nils/install/python_parameters:/home/nils/install/py_srvcli:/home/nils/install/py_pubsub:/opt/ros/foxy /usr/bin/cmake --build /home/nils/knapp_ws/build/more_interfaces -- -j1 -l1
[0.097s] [  3%] Built target more_interfaces__cpp
[0.136s] [ 12%] Built target more_interfaces__rosidl_typesupport_introspection_cpp
[0.168s] [ 21%] Built target more_interfaces__rosidl_typesupport_cpp
[0.190s] [ 30%] Built target more_interfaces__rosidl_generator_c
[0.215s] [ 39%] Built target more_interfaces__rosidl_typesupport_c
[0.243s] [ 48%] Built target more_interfaces__rosidl_typesupport_fastrtps_cpp
[0.269s] [ 57%] Built target more_interfaces__rosidl_typesupport_fastrtps_c
[0.290s] [ 66%] Built target more_interfaces__rosidl_typesupport_introspection_c
[0.312s] [ 66%] Built target more_interfaces
[0.336s] [ 69%] Built target more_interfaces__py
[0.361s] [ 75%] Built target more_interfaces__python
[0.387s] [ 81%] Built target more_interfaces__rosidl_typesupport_c__pyext
[0.413s] [ 87%] Built target more_interfaces__rosidl_typesupport_introspection_c__pyext
[0.440s] [ 93%] Built target more_interfaces__rosidl_typesupport_fastrtps_c__pyext
[0.471s] [ 96%] [32m[1mLinking CXX executable amr_node[0m
[0.801s] /usr/bin/ld: CMakeFiles/amr_node.dir/src/amr_node.cpp.o: in function `rclcpp::create_subscription_factory<geometry_msgs::msg::PoseStamped_<std::allocator<void> >, std::_Bind<void (RobotNode::*(RobotNode*, std::_Placeholder<1>))(std::shared_ptr<geometry_msgs::msg::PoseStamped_<std::allocator<void> > >) const>, std::allocator<void>, geometry_msgs::msg::PoseStamped_<std::allocator<void> >, rclcpp::Subscription<geometry_msgs::msg::PoseStamped_<std::allocator<void> >, std::allocator<void>, rclcpp::message_memory_strategy::MessageMemoryStrategy<geometry_msgs::msg::PoseStamped_<std::allocator<void> >, std::allocator<void> > >, rclcpp::message_memory_strategy::MessageMemoryStrategy<geometry_msgs::msg::PoseStamped_<std::allocator<void> >, std::allocator<void> > >(std::_Bind<void (RobotNode::*(RobotNode*, std::_Placeholder<1>))(std::shared_ptr<geometry_msgs::msg::PoseStamped_<std::allocator<void> > >) const>&&, rclcpp::SubscriptionOptionsWithAllocator<std::allocator<void> > const&, rclcpp::message_memory_strategy::MessageMemoryStrategy<geometry_msgs::msg::PoseStamped_<std::allocator<void> >, std::allocator<void> >::SharedPtr, std::shared_ptr<rclcpp::topic_statistics::SubscriptionTopicStatistics<geometry_msgs::msg::PoseStamped_<std::allocator<void> > > >)::{lambda(rclcpp::node_interfaces::NodeBaseInterface*, std::__cxx11::basic_string<char, std::char_traits<char>, std::allocator<char> > const&, rclcpp::QoS const&)#1}::operator()(rclcpp::node_interfaces::NodeBaseInterface*, std::__cxx11::basic_string<char, std::char_traits<char>, std::allocator<char> > const&, rclcpp::QoS const&) const':
[0.801s] amr_node.cpp:(.text._ZZN6rclcpp27create_subscription_factoryIN13geometry_msgs3msg12PoseStamped_ISaIvEEESt5_BindIFM9RobotNodeKFvSt10shared_ptrIS5_EEPS7_St12_PlaceholderILi1EEEES4_S5_NS_12SubscriptionIS5_S4_NS_23message_memory_strategy21MessageMemoryStrategyIS5_S4_EEEESK_EENS_19SubscriptionFactoryEOT0_RKNS_32SubscriptionOptionsWithAllocatorIT1_EENT4_9SharedPtrES8_INS_16topic_statistics27SubscriptionTopicStatisticsIT2_EEEENKUlPNS_15node_interfaces17NodeBaseInterfaceERKNSt7__cxx1112basic_stringIcSt11char_traitsIcESaIcEEERKNS_3QoSEE_clES13_S1B_S1E_[_ZZN6rclcpp27create_subscription_factoryIN13geometry_msgs3msg12PoseStamped_ISaIvEEESt5_BindIFM9RobotNodeKFvSt10shared_ptrIS5_EEPS7_St12_PlaceholderILi1EEEES4_S5_NS_12SubscriptionIS5_S4_NS_23message_memory_strategy21MessageMemoryStrategyIS5_S4_EEEESK_EENS_19SubscriptionFactoryEOT0_RKNS_32SubscriptionOptionsWithAllocatorIT1_EENT4_9SharedPtrES8_INS_16topic_statistics27SubscriptionTopicStatisticsIT2_EEEENKUlPNS_15node_interfaces17NodeBaseInterfaceERKNSt7__cxx1112basic_stringIcSt11char_traitsIcESaIcEEERKNS_3QoSEE_clES13_S1B_S1E_]+0x5c): undefined reference to `rosidl_message_type_support_t const* rosidl_typesupport_cpp::get_message_type_support_handle<geometry_msgs::msg::PoseStamped_<std::allocator<void> > >()'
[0.802s] collect2: error: ld returned 1 exit status
[0.805s] make[2]: *** [CMakeFiles/amr_node.dir/build.make:132: amr_node] Error 1
[0.805s] make[1]: *** [CMakeFiles/Makefile2:529: CMakeFiles/amr_node.dir/all] Error 2
[0.805s] make: *** [Makefile:141: all] Error 2
[0.807s] Invoked command in '/home/nils/knapp_ws/build/more_interfaces' returned '2': CMAKE_PREFIX_PATH=${CMAKE_PREFIX_PATH}:/home/nils/install/python_parameters:/home/nils/install/py_srvcli:/home/nils/install/py_pubsub:/opt/ros/foxy /usr/bin/cmake --build /home/nils/knapp_ws/build/more_interfaces -- -j1 -l1
