[  3%] Built target more_interfaces__cpp
[ 12%] Built target more_interfaces__rosidl_typesupport_introspection_cpp
[ 21%] Built target more_interfaces__rosidl_typesupport_cpp
[ 30%] Built target more_interfaces__rosidl_generator_c
[ 39%] Built target more_interfaces__rosidl_typesupport_c
[ 48%] Built target more_interfaces__rosidl_typesupport_fastrtps_cpp
[ 57%] Built target more_interfaces__rosidl_typesupport_fastrtps_c
[ 66%] Built target more_interfaces__rosidl_typesupport_introspection_c
[ 66%] Built target more_interfaces
[ 69%] Built target more_interfaces__py
[ 75%] Built target more_interfaces__python
[ 81%] Built target more_interfaces__rosidl_typesupport_c__pyext
[ 87%] Built target more_interfaces__rosidl_typesupport_introspection_c__pyext
[ 93%] Built target more_interfaces__rosidl_typesupport_fastrtps_c__pyext
[35m[1mScanning dependencies of target amr_node[0m
[ 96%] [32mBuilding CXX object CMakeFiles/amr_node.dir/src/amr_node.cpp.o[0m
[01m[K/home/nils/knapp_ws/src/more_interfaces/src/amr_node.cpp:50:59:[m[K [01;31m[Kerror: [m[K‘[01m[KPostStamped[m[K’ in namespace ‘[01m[Kgeometry_msgs::msg[m[K’ does not name a type; did you mean ‘[01m[KPoseStamped[m[K’?
   50 | urrentPosition_callback(const geometry_msgs::msg::[01;31m[KPostStamped[m[K::SharedPtr msg) const
      |                                                   [01;31m[K^~~~~~~~~~~[m[K
      |                                                   [32m[KPoseStamped[m[K
[01m[K/home/nils/knapp_ws/src/more_interfaces/src/amr_node.cpp:50:82:[m[K [01;31m[Kerror: [m[Kexpected unqualified-id before ‘[01m[Kmsg[m[K’
   50 | callback(const geometry_msgs::msg::PostStamped::SharedPtr [01;31m[Kmsg[m[K) const
      |                                                           [01;31m[K^~~[m[K

[01m[K/home/nils/knapp_ws/src/more_interfaces/src/amr_node.cpp:50:81:[m[K [01;31m[Kerror: [m[Kexpected ‘[01m[K)[m[K’ before ‘[01m[Kmsg[m[K’
   50 | callback[34m[K([m[Kconst geometry_msgs::msg::PostStamped::SharedPtr[01;31m[K [m[K[32m[Kmsg[m[K) const
      |         [34m[K~[m[K                                                [01;31m[K^[m[K[32m[K~~~[m[K
      |                                                          [32m[K)[m[K
[01m[K/home/nils/knapp_ws/src/more_interfaces/src/amr_node.cpp:50:72:[m[K [01;31m[Kerror: [m[Kexpected ‘[01m[K;[m[K’ at end of member declaration
   50 | n_callback(const geometry_msgs::msg::PostStamped::[01;31m[KSharedPtr[m[K msg) const
      |                                                   [01;31m[K^~~~~~~~~[m[K
      |                                                            [32m[K;[m[K
[01m[K/home/nils/knapp_ws/src/more_interfaces/src/amr_node.cpp:50:82:[m[K [01;31m[Kerror: [m[K‘[01m[Kmsg[m[K’ does not name a type
   50 | callback(const geometry_msgs::msg::PostStamped::SharedPtr [01;31m[Kmsg[m[K) const
      |                                                           [01;31m[K^~~[m[K

[01m[K/home/nils/knapp_ws/src/more_interfaces/src/amr_node.cpp:56:44:[m[K [01;31m[Kerror: [m[K‘[01m[KPostStamped[m[K’ is not a member of ‘[01m[Kgeometry_msgs::msg[m[K’; did you mean ‘[01m[KPoseStamped[m[K’?
   56 |   rclcpp::Subscription<geometry_msgs::msg::[01;31m[KPostStamped[m[K>::SharedPtr subscription_current_position;
      |                                            [01;31m[K^~~~~~~~~~~[m[K
      |                                            [32m[KPoseStamped[m[K
[01m[K/home/nils/knapp_ws/src/more_interfaces/src/amr_node.cpp:56:44:[m[K [01;31m[Kerror: [m[K‘[01m[KPostStamped[m[K’ is not a member of ‘[01m[Kgeometry_msgs::msg[m[K’; did you mean ‘[01m[KPoseStamped[m[K’?
   56 |   rclcpp::Subscription<geometry_msgs::msg::[01;31m[KPostStamped[m[K>::SharedPtr subscription_current_position;
      |                                            [01;31m[K^~~~~~~~~~~[m[K
      |                                            [32m[KPoseStamped[m[K
[01m[K/home/nils/knapp_ws/src/more_interfaces/src/amr_node.cpp:56:55:[m[K [01;31m[Kerror: [m[Ktemplate argument 1 is invalid
   56 | lcpp::Subscription<geometry_msgs::msg::PostStamped[01;31m[K>[m[K::SharedPtr subscription_current_position;
      |                                                   [01;31m[K^[m[K

[01m[K/home/nils/knapp_ws/src/more_interfaces/src/amr_node.cpp:56:55:[m[K [01;31m[Kerror: [m[Ktemplate argument 3 is invalid
[01m[K/home/nils/knapp_ws/src/more_interfaces/src/amr_node.cpp:56:58:[m[K [01;31m[Kerror: [m[Kexpected ‘[01m[K;[m[K’ at end of member declaration
   56 | p::Subscription<geometry_msgs::msg::PostStamped>::[01;31m[KSharedPtr[m[K subscription_current_position;
      |                                                   [01;31m[K^~~~~~~~~[m[K
      |                                                            [32m[K;[m[K
[01m[K/home/nils/knapp_ws/src/more_interfaces/src/amr_node.cpp:56:68:[m[K [01;31m[Kerror: [m[K‘[01m[Ksubscription_current_position[m[K’ does not name a type
   56 | ption<geometry_msgs::msg::PostStamped>::SharedPtr [01;31m[Ksubscription_current_position[m[K;
      |                                                   [01;31m[K^~~~~~~~~~~~~~~~~~~~~~~~~~~~~[m[K

[01m[K/home/nils/knapp_ws/src/more_interfaces/src/amr_node.cpp:[m[K In constructor ‘[01m[KRobotNode::RobotNode()[m[K’:
[01m[K/home/nils/knapp_ws/src/more_interfaces/src/amr_node.cpp:25:5:[m[K [01;31m[Kerror: [m[K‘[01m[Ksubscription_current_position[m[K’ was not declared in this scope
   25 |     [01;31m[Ksubscription_current_position[m[K = this->create_subscription<geometry_msgs::msg::PostStamped>(
      |     [01;31m[K^~~~~~~~~~~~~~~~~~~~~~~~~~~~~[m[K
[01m[K/home/nils/knapp_ws/src/more_interfaces/src/amr_node.cpp:25:83:[m[K [01;31m[Kerror: [m[K‘[01m[KPostStamped[m[K’ is not a member of ‘[01m[Kgeometry_msgs::msg[m[K’; did you mean ‘[01m[KPoseStamped[m[K’?
   25 | sition = this->create_subscription<geometry_msgs::msg::[01;31m[KPostStamped[m[K>(
      |                                                        [01;31m[K^~~~~~~~~~~[m[K
      |                                                        [32m[KPoseStamped[m[K
[01m[K/home/nils/knapp_ws/src/more_interfaces/src/amr_node.cpp:25:83:[m[K [01;31m[Kerror: [m[K‘[01m[KPostStamped[m[K’ is not a member of ‘[01m[Kgeometry_msgs::msg[m[K’; did you mean ‘[01m[KPoseStamped[m[K’?
   25 | sition = this->create_subscription<geometry_msgs::msg::[01;31m[KPostStamped[m[K>(
      |                                                        [01;31m[K^~~~~~~~~~~[m[K
      |                                                        [32m[KPoseStamped[m[K
[01m[K/home/nils/knapp_ws/src/more_interfaces/src/amr_node.cpp:26:87:[m[K [01;31m[Kerror: [m[Kno matching function for call to ‘[01m[KRobotNode::create_subscription<<expression error> >(const char [16], int, std::_Bind_helper<false, void (RobotNode::*)(...), RobotNode*, const std::_Placeholder<1>&>::type)[m[K’
   26 | nd(&RobotNode::currentPosition_callback, this, _1)[01;31m[K)[m[K;
      |                                                   [01;31m[K^[m[K

In file included from [01m[K/opt/ros/foxy/include/rclcpp/node.hpp:1221[m[K,
                 from [01m[K/opt/ros/foxy/include/rclcpp/executors/single_threaded_executor.hpp:28[m[K,
                 from [01m[K/opt/ros/foxy/include/rclcpp/executors.hpp:22[m[K,
                 from [01m[K/opt/ros/foxy/include/rclcpp/rclcpp.hpp:146[m[K,
                 from [01m[K/home/nils/knapp_ws/src/more_interfaces/src/amr_node.cpp:4[m[K:
[01m[K/opt/ros/foxy/include/rclcpp/node_impl.hpp:91:1:[m[K [01;36m[Knote: [m[Kcandidate: ‘[01m[Ktemplate<class MessageT, class CallbackT, class AllocatorT, class CallbackMessageT, class SubscriptionT, class MessageMemoryStrategyT> std::shared_ptr<SubscriptionT> rclcpp::Node::create_subscription(const string&, const rclcpp::QoS&, CallbackT&&, const rclcpp::SubscriptionOptionsWithAllocator<AllocatorT>&, typename MessageMemoryStrategyT::SharedPtr)[m[K’
   91 | [01;36m[KNode[m[K::create_subscription(
      | [01;36m[K^~~~[m[K
[01m[K/opt/ros/foxy/include/rclcpp/node_impl.hpp:91:1:[m[K [01;36m[Knote: [m[K  template argument deduction/substitution failed:
[01m[K/home/nils/knapp_ws/src/more_interfaces/src/amr_node.cpp:26:87:[m[K [01;31m[Kerror: [m[Ktemplate argument 1 is invalid
   26 | nd(&RobotNode::currentPosition_callback, this, _1)[01;31m[K)[m[K;
      |                                                   [01;31m[K^[m[K

make[2]: *** [CMakeFiles/amr_node.dir/build.make:63: CMakeFiles/amr_node.dir/src/amr_node.cpp.o] Error 1
make[1]: *** [CMakeFiles/Makefile2:529: CMakeFiles/amr_node.dir/all] Error 2
make: *** [Makefile:141: all] Error 2
