[0.010s] Invoking command in '/home/nils/knapp_ws/build/more_interfaces': CMAKE_PREFIX_PATH=${CMAKE_PREFIX_PATH}:/home/nils/install/python_parameters:/home/nils/install/py_srvcli:/home/nils/install/py_pubsub:/opt/ros/foxy /usr/bin/cmake --build /home/nils/knapp_ws/build/more_interfaces -- -j1 -l1
[0.097s] [  3%] Built target more_interfaces__cpp
[0.136s] [ 12%] Built target more_interfaces__rosidl_typesupport_introspection_cpp
[0.170s] [ 21%] Built target more_interfaces__rosidl_typesupport_cpp
[0.195s] [ 30%] Built target more_interfaces__rosidl_generator_c
[0.217s] [ 39%] Built target more_interfaces__rosidl_typesupport_c
[0.245s] [ 48%] Built target more_interfaces__rosidl_typesupport_fastrtps_cpp
[0.269s] [ 57%] Built target more_interfaces__rosidl_typesupport_fastrtps_c
[0.290s] [ 66%] Built target more_interfaces__rosidl_typesupport_introspection_c
[0.314s] [ 66%] Built target more_interfaces
[0.338s] [ 69%] Built target more_interfaces__py
[0.364s] [ 75%] Built target more_interfaces__python
[0.389s] [ 81%] Built target more_interfaces__rosidl_typesupport_c__pyext
[0.418s] [ 87%] Built target more_interfaces__rosidl_typesupport_introspection_c__pyext
[0.448s] [ 93%] Built target more_interfaces__rosidl_typesupport_fastrtps_c__pyext
[0.460s] [35m[1mScanning dependencies of target amr_node[0m
[0.484s] [ 96%] [32mBuilding CXX object CMakeFiles/amr_node.dir/src/amr_node.cpp.o[0m
[2.168s] [01m[K/home/nils/knapp_ws/src/more_interfaces/src/amr_node.cpp:[m[K In member function ‘[01m[Kvoid RobotNode::currentPosition_callback(geometry_msgs::msg::PoseStamped_<std::allocator<void> >::SharedPtr) const[m[K’:
[2.168s] [01m[K/home/nils/knapp_ws/src/more_interfaces/src/amr_node.cpp:50:82:[m[K [01;35m[Kwarning: [m[Kunused parameter ‘[01m[Kmsg[m[K’ [[01;35m[K-Wunused-parameter[m[K]
[2.168s]    50 | callback([01;35m[Kconst geometry_msgs::msg::PoseStamped::SharedPtr msg[m[K) const
[2.168s]       |          [01;35m[K~~~~~~~~~~~~~~~~~~~~~~~~~~~~~~~~~~~~~~~~~~~~~~~~~^~~[m[K
[2.168s] 
[9.186s] [100%] [32m[1mLinking CXX executable amr_node[0m
[9.693s] [100%] Built target amr_node
[9.709s] Invoked command in '/home/nils/knapp_ws/build/more_interfaces' returned '0': CMAKE_PREFIX_PATH=${CMAKE_PREFIX_PATH}:/home/nils/install/python_parameters:/home/nils/install/py_srvcli:/home/nils/install/py_pubsub:/opt/ros/foxy /usr/bin/cmake --build /home/nils/knapp_ws/build/more_interfaces -- -j1 -l1
[9.805s] Invoking command in '/home/nils/knapp_ws/build/more_interfaces': CMAKE_PREFIX_PATH=${CMAKE_PREFIX_PATH}:/home/nils/install/python_parameters:/home/nils/install/py_srvcli:/home/nils/install/py_pubsub:/opt/ros/foxy /usr/bin/cmake --install /home/nils/knapp_ws/build/more_interfaces
[9.818s] -- Install configuration: ""
[9.824s] -- Installing: /home/nils/knapp_ws/install/more_interfaces/lib/more_interfaces/amr_node
[9.827s] -- Set runtime path of "/home/nils/knapp_ws/install/more_interfaces/lib/more_interfaces/amr_node" to ""
[9.827s] -- Up-to-date: /home/nils/knapp_ws/install/more_interfaces/share/ament_index/resource_index/rosidl_interfaces/more_interfaces
[9.827s] -- Up-to-date: /home/nils/knapp_ws/install/more_interfaces/include/more_interfaces
[9.828s] -- Up-to-date: /home/nils/knapp_ws/install/more_interfaces/include/more_interfaces/msg
[9.828s] -- Up-to-date: /home/nils/knapp_ws/install/more_interfaces/include/more_interfaces/msg/rosidl_generator_c__visibility_control.h
[9.828s] -- Up-to-date: /home/nils/knapp_ws/install/more_interfaces/include/more_interfaces/msg/order.h
[9.828s] -- Up-to-date: /home/nils/knapp_ws/install/more_interfaces/include/more_interfaces/msg/detail
[9.828s] -- Up-to-date: /home/nils/knapp_ws/install/more_interfaces/include/more_interfaces/msg/detail/order__functions.c
[9.828s] -- Up-to-date: /home/nils/knapp_ws/install/more_interfaces/include/more_interfaces/msg/detail/order__functions.h
[9.829s] -- Up-to-date: /home/nils/knapp_ws/install/more_interfaces/include/more_interfaces/msg/detail/order__type_support.h
[9.829s] -- Up-to-date: /home/nils/knapp_ws/install/more_interfaces/include/more_interfaces/msg/detail/order__struct.h
[9.829s] -- Up-to-date: /home/nils/knapp_ws/install/more_interfaces/share/more_interfaces/environment/library_path.sh
[9.829s] -- Up-to-date: /home/nils/knapp_ws/install/more_interfaces/share/more_interfaces/environment/library_path.dsv
[9.831s] -- Up-to-date: /home/nils/knapp_ws/install/more_interfaces/lib/libmore_interfaces__rosidl_generator_c.so
[9.831s] -- Up-to-date: /home/nils/knapp_ws/install/more_interfaces/include/more_interfaces
[9.831s] -- Up-to-date: /home/nils/knapp_ws/install/more_interfaces/include/more_interfaces/msg
[9.831s] -- Up-to-date: /home/nils/knapp_ws/install/more_interfaces/include/more_interfaces/msg/rosidl_typesupport_fastrtps_c__visibility_control.h
[9.832s] -- Up-to-date: /home/nils/knapp_ws/install/more_interfaces/include/more_interfaces/msg/detail
[9.832s] -- Up-to-date: /home/nils/knapp_ws/install/more_interfaces/include/more_interfaces/msg/detail/order__rosidl_typesupport_fastrtps_c.h
[9.835s] -- Up-to-date: /home/nils/knapp_ws/install/more_interfaces/lib/libmore_interfaces__rosidl_typesupport_fastrtps_c.so
[9.836s] -- Up-to-date: /home/nils/knapp_ws/install/more_interfaces/include/more_interfaces
[9.836s] -- Up-to-date: /home/nils/knapp_ws/install/more_interfaces/include/more_interfaces/msg
[9.836s] -- Up-to-date: /home/nils/knapp_ws/install/more_interfaces/include/more_interfaces/msg/detail
[9.836s] -- Up-to-date: /home/nils/knapp_ws/install/more_interfaces/include/more_interfaces/msg/detail/dds_fastrtps
[9.837s] -- Up-to-date: /home/nils/knapp_ws/install/more_interfaces/include/more_interfaces/msg/detail/order__rosidl_typesupport_fastrtps_cpp.hpp
[9.837s] -- Up-to-date: /home/nils/knapp_ws/install/more_interfaces/include/more_interfaces/msg/rosidl_typesupport_fastrtps_cpp__visibility_control.h
[9.841s] -- Up-to-date: /home/nils/knapp_ws/install/more_interfaces/lib/libmore_interfaces__rosidl_typesupport_fastrtps_cpp.so
[9.841s] -- Up-to-date: /home/nils/knapp_ws/install/more_interfaces/include/more_interfaces
[9.841s] -- Up-to-date: /home/nils/knapp_ws/install/more_interfaces/include/more_interfaces/msg
[9.842s] -- Up-to-date: /home/nils/knapp_ws/install/more_interfaces/include/more_interfaces/msg/rosidl_typesupport_introspection_c__visibility_control.h
[9.842s] -- Up-to-date: /home/nils/knapp_ws/install/more_interfaces/include/more_interfaces/msg/detail
[9.842s] -- Up-to-date: /home/nils/knapp_ws/install/more_interfaces/include/more_interfaces/msg/detail/order__rosidl_typesupport_introspection_c.h
[9.842s] -- Up-to-date: /home/nils/knapp_ws/install/more_interfaces/include/more_interfaces/msg/detail/order__type_support.c
[9.843s] -- Up-to-date: /home/nils/knapp_ws/install/more_interfaces/lib/libmore_interfaces__rosidl_typesupport_introspection_c.so
[9.846s] -- Up-to-date: /home/nils/knapp_ws/install/more_interfaces/lib/libmore_interfaces__rosidl_typesupport_c.so
[9.847s] -- Up-to-date: /home/nils/knapp_ws/install/more_interfaces/include/more_interfaces
[9.847s] -- Up-to-date: /home/nils/knapp_ws/install/more_interfaces/include/more_interfaces/msg
[9.847s] -- Up-to-date: /home/nils/knapp_ws/install/more_interfaces/include/more_interfaces/msg/order.hpp
[9.847s] -- Up-to-date: /home/nils/knapp_ws/install/more_interfaces/include/more_interfaces/msg/detail
[9.847s] -- Up-to-date: /home/nils/knapp_ws/install/more_interfaces/include/more_interfaces/msg/detail/order__builder.hpp
[9.847s] -- Up-to-date: /home/nils/knapp_ws/install/more_interfaces/include/more_interfaces/msg/detail/order__struct.hpp
[9.848s] -- Up-to-date: /home/nils/knapp_ws/install/more_interfaces/include/more_interfaces/msg/detail/order__traits.hpp
[9.848s] -- Up-to-date: /home/nils/knapp_ws/install/more_interfaces/include/more_interfaces
[9.848s] -- Up-to-date: /home/nils/knapp_ws/install/more_interfaces/include/more_interfaces/msg
[9.848s] -- Up-to-date: /home/nils/knapp_ws/install/more_interfaces/include/more_interfaces/msg/detail
[9.848s] -- Up-to-date: /home/nils/knapp_ws/install/more_interfaces/include/more_interfaces/msg/detail/order__rosidl_typesupport_introspection_cpp.hpp
[9.848s] -- Up-to-date: /home/nils/knapp_ws/install/more_interfaces/include/more_interfaces/msg/detail/order__type_support.cpp
[9.850s] -- Up-to-date: /home/nils/knapp_ws/install/more_interfaces/lib/libmore_interfaces__rosidl_typesupport_introspection_cpp.so
[9.852s] -- Up-to-date: /home/nils/knapp_ws/install/more_interfaces/lib/libmore_interfaces__rosidl_typesupport_cpp.so
[9.853s] -- Up-to-date: /home/nils/knapp_ws/install/more_interfaces/share/more_interfaces/environment/pythonpath.sh
[9.854s] -- Up-to-date: /home/nils/knapp_ws/install/more_interfaces/share/more_interfaces/environment/pythonpath.dsv
[9.855s] -- Up-to-date: /home/nils/knapp_ws/install/more_interfaces/lib/python3.8/site-packages/more_interfaces/__init__.py
[9.899s] -- Up-to-date: /home/nils/knapp_ws/install/more_interfaces/lib/python3.8/site-packages/more_interfaces/msg
[9.904s] -- Up-to-date: /home/nils/knapp_ws/install/more_interfaces/lib/python3.8/site-packages/more_interfaces/msg/__init__.py
[9.904s] -- Up-to-date: /home/nils/knapp_ws/install/more_interfaces/lib/python3.8/site-packages/more_interfaces/msg/_order_s.c
[9.904s] -- Up-to-date: /home/nils/knapp_ws/install/more_interfaces/lib/python3.8/site-packages/more_interfaces/msg/_order.py
[9.905s] -- Up-to-date: /home/nils/knapp_ws/install/more_interfaces/lib/python3.8/site-packages/more_interfaces/more_interfaces_s__rosidl_typesupport_fastrtps_c.cpython-38-x86_64-linux-gnu.so
[9.908s] -- Up-to-date: /home/nils/knapp_ws/install/more_interfaces/lib/python3.8/site-packages/more_interfaces/more_interfaces_s__rosidl_typesupport_introspection_c.cpython-38-x86_64-linux-gnu.so
[9.909s] -- Up-to-date: /home/nils/knapp_ws/install/more_interfaces/lib/python3.8/site-packages/more_interfaces/more_interfaces_s__rosidl_typesupport_c.cpython-38-x86_64-linux-gnu.so
[9.910s] -- Up-to-date: /home/nils/knapp_ws/install/more_interfaces/lib/libmore_interfaces__python.so
[9.910s] -- Up-to-date: /home/nils/knapp_ws/install/more_interfaces/share/more_interfaces/msg/Order.idl
[9.911s] -- Up-to-date: /home/nils/knapp_ws/install/more_interfaces/share/more_interfaces/msg/Order.msg
[9.911s] -- Up-to-date: /home/nils/knapp_ws/install/more_interfaces/share/ament_index/resource_index/package_run_dependencies/more_interfaces
[9.911s] -- Up-to-date: /home/nils/knapp_ws/install/more_interfaces/share/ament_index/resource_index/parent_prefix_path/more_interfaces
[9.911s] -- Up-to-date: /home/nils/knapp_ws/install/more_interfaces/share/more_interfaces/environment/ament_prefix_path.sh
[9.912s] -- Up-to-date: /home/nils/knapp_ws/install/more_interfaces/share/more_interfaces/environment/ament_prefix_path.dsv
[9.912s] -- Up-to-date: /home/nils/knapp_ws/install/more_interfaces/share/more_interfaces/environment/path.sh
[9.912s] -- Up-to-date: /home/nils/knapp_ws/install/more_interfaces/share/more_interfaces/environment/path.dsv
[9.912s] -- Up-to-date: /home/nils/knapp_ws/install/more_interfaces/share/more_interfaces/local_setup.bash
[9.912s] -- Up-to-date: /home/nils/knapp_ws/install/more_interfaces/share/more_interfaces/local_setup.sh
[9.913s] -- Up-to-date: /home/nils/knapp_ws/install/more_interfaces/share/more_interfaces/local_setup.zsh
[9.913s] -- Up-to-date: /home/nils/knapp_ws/install/more_interfaces/share/more_interfaces/local_setup.dsv
[9.913s] -- Installing: /home/nils/knapp_ws/install/more_interfaces/share/more_interfaces/package.dsv
[9.914s] -- Up-to-date: /home/nils/knapp_ws/install/more_interfaces/share/ament_index/resource_index/packages/more_interfaces
[9.918s] -- Up-to-date: /home/nils/knapp_ws/install/more_interfaces/share/more_interfaces/cmake/more_interfaces__rosidl_generator_cExport.cmake
[9.918s] -- Up-to-date: /home/nils/knapp_ws/install/more_interfaces/share/more_interfaces/cmake/more_interfaces__rosidl_generator_cExport-noconfig.cmake
[9.920s] -- Up-to-date: /home/nils/knapp_ws/install/more_interfaces/share/more_interfaces/cmake/more_interfaces__rosidl_typesupport_introspection_cExport.cmake
[9.921s] -- Up-to-date: /home/nils/knapp_ws/install/more_interfaces/share/more_interfaces/cmake/more_interfaces__rosidl_typesupport_introspection_cExport-noconfig.cmake
[9.924s] -- Up-to-date: /home/nils/knapp_ws/install/more_interfaces/share/more_interfaces/cmake/more_interfaces__rosidl_typesupport_cExport.cmake
[9.925s] -- Up-to-date: /home/nils/knapp_ws/install/more_interfaces/share/more_interfaces/cmake/more_interfaces__rosidl_typesupport_cExport-noconfig.cmake
[9.929s] -- Up-to-date: /home/nils/knapp_ws/install/more_interfaces/share/more_interfaces/cmake/more_interfaces__rosidl_generator_cppExport.cmake
[9.931s] -- Up-to-date: /home/nils/knapp_ws/install/more_interfaces/share/more_interfaces/cmake/more_interfaces__rosidl_typesupport_introspection_cppExport.cmake
[9.931s] -- Up-to-date: /home/nils/knapp_ws/install/more_interfaces/share/more_interfaces/cmake/more_interfaces__rosidl_typesupport_introspection_cppExport-noconfig.cmake
[9.934s] -- Up-to-date: /home/nils/knapp_ws/install/more_interfaces/share/more_interfaces/cmake/more_interfaces__rosidl_typesupport_cppExport.cmake
[9.935s] -- Up-to-date: /home/nils/knapp_ws/install/more_interfaces/share/more_interfaces/cmake/more_interfaces__rosidl_typesupport_cppExport-noconfig.cmake
[9.935s] -- Up-to-date: /home/nils/knapp_ws/install/more_interfaces/share/more_interfaces/cmake/rosidl_cmake-extras.cmake
[9.935s] -- Up-to-date: /home/nils/knapp_ws/install/more_interfaces/share/more_interfaces/cmake/ament_cmake_export_dependencies-extras.cmake
[9.936s] -- Up-to-date: /home/nils/knapp_ws/install/more_interfaces/share/more_interfaces/cmake/ament_cmake_export_libraries-extras.cmake
[9.936s] -- Up-to-date: /home/nils/knapp_ws/install/more_interfaces/share/more_interfaces/cmake/ament_cmake_export_targets-extras.cmake
[9.936s] -- Up-to-date: /home/nils/knapp_ws/install/more_interfaces/share/more_interfaces/cmake/ament_cmake_export_include_directories-extras.cmake
[9.936s] -- Up-to-date: /home/nils/knapp_ws/install/more_interfaces/share/more_interfaces/cmake/rosidl_cmake_export_typesupport_libraries-extras.cmake
[9.937s] -- Up-to-date: /home/nils/knapp_ws/install/more_interfaces/share/more_interfaces/cmake/rosidl_cmake_export_typesupport_targets-extras.cmake
[9.937s] -- Up-to-date: /home/nils/knapp_ws/install/more_interfaces/share/more_interfaces/cmake/more_interfacesConfig.cmake
[9.937s] -- Up-to-date: /home/nils/knapp_ws/install/more_interfaces/share/more_interfaces/cmake/more_interfacesConfig-version.cmake
[9.937s] -- Up-to-date: /home/nils/knapp_ws/install/more_interfaces/share/more_interfaces/package.xml
[9.943s] Invoked command in '/home/nils/knapp_ws/build/more_interfaces' returned '0': CMAKE_PREFIX_PATH=${CMAKE_PREFIX_PATH}:/home/nils/install/python_parameters:/home/nils/install/py_srvcli:/home/nils/install/py_pubsub:/opt/ros/foxy /usr/bin/cmake --install /home/nils/knapp_ws/build/more_interfaces
