[0.014s] Invoking command in '/home/nils/knapp_ws/build/more_interfaces': CMAKE_PREFIX_PATH=${CMAKE_PREFIX_PATH}:/home/nils/install/python_parameters:/home/nils/install/py_srvcli:/home/nils/install/py_pubsub:/opt/ros/foxy /usr/bin/cmake --build /home/nils/knapp_ws/build/more_interfaces -- -j1 -l1
[0.092s] [  3%] Built target more_interfaces__cpp
[0.121s] [ 12%] Built target more_interfaces__rosidl_typesupport_introspection_cpp
[0.163s] [ 21%] Built target more_interfaces__rosidl_typesupport_cpp
[0.185s] [ 30%] Built target more_interfaces__rosidl_generator_c
[0.210s] [ 39%] Built target more_interfaces__rosidl_typesupport_c
[0.239s] [ 48%] Built target more_interfaces__rosidl_typesupport_fastrtps_cpp
[0.268s] [ 57%] Built target more_interfaces__rosidl_typesupport_fastrtps_c
[0.292s] [ 66%] Built target more_interfaces__rosidl_typesupport_introspection_c
[0.316s] [ 66%] Built target more_interfaces
[0.353s] [ 69%] Built target more_interfaces__py
[0.420s] [ 75%] Built target more_interfaces__python
[0.462s] [ 81%] Built target more_interfaces__rosidl_typesupport_c__pyext
[0.490s] [ 87%] Built target more_interfaces__rosidl_typesupport_introspection_c__pyext
[0.522s] [ 93%] Built target more_interfaces__rosidl_typesupport_fastrtps_c__pyext
[0.538s] [35m[1mScanning dependencies of target amr_node[0m
[0.566s] [ 96%] [32mBuilding CXX object CMakeFiles/amr_node.dir/src/amr_node.cpp.o[0m
[2.598s] [01m[K/home/nils/knapp_ws/src/more_interfaces/src/amr_node.cpp:56:68:[m[K [01;31m[Kerror: [m[Kredeclaration of ‘[01m[Krclcpp::Subscription<geometry_msgs::msg::PoseStamped_<std::allocator<void> > >::SharedPtr RobotNode::subscription_[m[K’
[2.598s]    56 | scription<geometry_msgs::msg::PoseStamped>::SharedPtr [01;31m[Ksubscription_[m[K;
[2.598s]       |                                                       [01;31m[K^~~~~~~~~~~~~[m[K
[2.598s] 
[2.599s] [01m[K/home/nils/knapp_ws/src/more_interfaces/src/amr_node.cpp:55:58:[m[K [01;36m[Knote: [m[Kprevious declaration ‘[01m[Krclcpp::Subscription<std_msgs::msg::String_<std::allocator<void> > >::SharedPtr RobotNode::subscription_[m[K’
[2.599s]    55 | clcpp::Subscription<std_msgs::msg::String>::SharedPtr [01;36m[Ksubscription_[m[K;
[2.599s]       |                                                       [01;36m[K^~~~~~~~~~~~~[m[K
[2.599s] 
[2.698s] [01m[K/home/nils/knapp_ws/src/more_interfaces/src/amr_node.cpp:[m[K In constructor ‘[01m[KRobotNode::RobotNode()[m[K’:
[2.698s] [01m[K/home/nils/knapp_ws/src/more_interfaces/src/amr_node.cpp:25:5:[m[K [01;31m[Kerror: [m[K‘[01m[Ksubscription_current_position[m[K’ was not declared in this scope
[2.698s]    25 |     [01;31m[Ksubscription_current_position[m[K = this->create_subscription<std_msgs::msg::PoseStamped>(
[2.698s]       |     [01;31m[K^~~~~~~~~~~~~~~~~~~~~~~~~~~~~[m[K
[2.699s] [01m[K/home/nils/knapp_ws/src/more_interfaces/src/amr_node.cpp:25:78:[m[K [01;31m[Kerror: [m[K‘[01m[KPoseStamped[m[K’ is not a member of ‘[01m[Kstd_msgs::msg[m[K’; did you mean ‘[01m[Kgeometry_msgs::msg::PoseStamped[m[K’?
[2.699s]    25 | nt_position = this->create_subscription<std_msgs::msg::[01;31m[KPoseStamped[m[K>(
[2.700s]       |                                                        [01;31m[K^~~~~~~~~~~[m[K
[2.700s] 
[2.700s] In file included from [01m[K/opt/ros/foxy/include/geometry_msgs/msg/pose_stamped.hpp:7[m[K,
[2.703s]                  from [01m[K/home/nils/knapp_ws/src/more_interfaces/src/amr_node.cpp:7[m[K:
[2.704s] [01m[K/opt/ros/foxy/include/geometry_msgs/msg/detail/pose_stamped__struct.hpp:134:7:[m[K [01;36m[Knote: [m[K‘[01m[Kgeometry_msgs::msg::PoseStamped[m[K’ declared here
[2.704s]   134 | using [01;36m[KPoseStamped[m[K =
[2.704s]       |       [01;36m[K^~~~~~~~~~~[m[K
[2.711s] [01m[K/home/nils/knapp_ws/src/more_interfaces/src/amr_node.cpp:25:78:[m[K [01;31m[Kerror: [m[K‘[01m[KPoseStamped[m[K’ is not a member of ‘[01m[Kstd_msgs::msg[m[K’; did you mean ‘[01m[Kgeometry_msgs::msg::PoseStamped[m[K’?
[2.714s]    25 | nt_position = this->create_subscription<std_msgs::msg::[01;31m[KPoseStamped[m[K>(
[2.715s]       |                                                        [01;31m[K^~~~~~~~~~~[m[K
[2.715s] 
[2.716s] In file included from [01m[K/opt/ros/foxy/include/geometry_msgs/msg/pose_stamped.hpp:7[m[K,
[2.716s]                  from [01m[K/home/nils/knapp_ws/src/more_interfaces/src/amr_node.cpp:7[m[K:
[2.717s] [01m[K/opt/ros/foxy/include/geometry_msgs/msg/detail/pose_stamped__struct.hpp:134:7:[m[K [01;36m[Knote: [m[K‘[01m[Kgeometry_msgs::msg::PoseStamped[m[K’ declared here
[2.717s]   134 | using [01;36m[KPoseStamped[m[K =
[2.718s]       |       [01;36m[K^~~~~~~~~~~[m[K
[2.724s] [01m[K/home/nils/knapp_ws/src/more_interfaces/src/amr_node.cpp:26:87:[m[K [01;31m[Kerror: [m[Kno matching function for call to ‘[01m[KRobotNode::create_subscription<<expression error> >(const char [16], int, std::_Bind_helper<false, void (RobotNode::*)(std::shared_ptr<geometry_msgs::msg::PoseStamped_<std::allocator<void> > >) const, RobotNode*, const std::_Placeholder<1>&>::type)[m[K’
[2.727s]    26 | nd(&RobotNode::currentPosition_callback, this, _1)[01;31m[K)[m[K;
[2.727s]       |                                                   [01;31m[K^[m[K
[2.727s] 
[2.727s] In file included from [01m[K/opt/ros/foxy/include/rclcpp/node.hpp:1221[m[K,
[2.728s]                  from [01m[K/opt/ros/foxy/include/rclcpp/executors/single_threaded_executor.hpp:28[m[K,
[2.728s]                  from [01m[K/opt/ros/foxy/include/rclcpp/executors.hpp:22[m[K,
[2.728s]                  from [01m[K/opt/ros/foxy/include/rclcpp/rclcpp.hpp:146[m[K,
[2.728s]                  from [01m[K/home/nils/knapp_ws/src/more_interfaces/src/amr_node.cpp:4[m[K:
[2.728s] [01m[K/opt/ros/foxy/include/rclcpp/node_impl.hpp:91:1:[m[K [01;36m[Knote: [m[Kcandidate: ‘[01m[Ktemplate<class MessageT, class CallbackT, class AllocatorT, class CallbackMessageT, class SubscriptionT, class MessageMemoryStrategyT> std::shared_ptr<SubscriptionT> rclcpp::Node::create_subscription(const string&, const rclcpp::QoS&, CallbackT&&, const rclcpp::SubscriptionOptionsWithAllocator<AllocatorT>&, typename MessageMemoryStrategyT::SharedPtr)[m[K’
[2.728s]    91 | [01;36m[KNode[m[K::create_subscription(
[2.728s]       | [01;36m[K^~~~[m[K
[2.729s] [01m[K/opt/ros/foxy/include/rclcpp/node_impl.hpp:91:1:[m[K [01;36m[Knote: [m[K  template argument deduction/substitution failed:
[2.729s] [01m[K/home/nils/knapp_ws/src/more_interfaces/src/amr_node.cpp:26:87:[m[K [01;31m[Kerror: [m[Ktemplate argument 1 is invalid
[2.729s]    26 | nd(&RobotNode::currentPosition_callback, this, _1)[01;31m[K)[m[K;
[2.731s]       |                                                   [01;31m[K^[m[K
[2.731s] 
[4.945s] make[2]: *** [CMakeFiles/amr_node.dir/build.make:63: CMakeFiles/amr_node.dir/src/amr_node.cpp.o] Error 1
[4.947s] make[1]: *** [CMakeFiles/Makefile2:529: CMakeFiles/amr_node.dir/all] Error 2
[4.947s] make: *** [Makefile:141: all] Error 2
[4.949s] Invoked command in '/home/nils/knapp_ws/build/more_interfaces' returned '2': CMAKE_PREFIX_PATH=${CMAKE_PREFIX_PATH}:/home/nils/install/python_parameters:/home/nils/install/py_srvcli:/home/nils/install/py_pubsub:/opt/ros/foxy /usr/bin/cmake --build /home/nils/knapp_ws/build/more_interfaces -- -j1 -l1
