[0.016s] Invoking command in '/home/nils/knapp_ws/build/more_interfaces': CMAKE_PREFIX_PATH=${CMAKE_PREFIX_PATH}:/home/nils/install/python_parameters:/home/nils/install/py_srvcli:/home/nils/install/py_pubsub:/opt/ros/foxy /usr/bin/cmake --build /home/nils/knapp_ws/build/more_interfaces -- -j1 -l1
[0.093s] [  3%] Built target more_interfaces__cpp
[0.122s] [ 12%] Built target more_interfaces__rosidl_typesupport_introspection_cpp
[0.164s] [ 21%] Built target more_interfaces__rosidl_typesupport_cpp
[0.188s] [ 30%] Built target more_interfaces__rosidl_generator_c
[0.211s] [ 39%] Built target more_interfaces__rosidl_typesupport_c
[0.239s] [ 48%] Built target more_interfaces__rosidl_typesupport_fastrtps_cpp
[0.264s] [ 57%] Built target more_interfaces__rosidl_typesupport_fastrtps_c
[0.285s] [ 66%] Built target more_interfaces__rosidl_typesupport_introspection_c
[0.305s] [ 66%] Built target more_interfaces
[0.329s] [ 69%] Built target more_interfaces__py
[0.355s] [ 75%] Built target more_interfaces__python
[0.380s] [ 81%] Built target more_interfaces__rosidl_typesupport_c__pyext
[0.406s] [ 87%] Built target more_interfaces__rosidl_typesupport_introspection_c__pyext
[0.434s] [ 93%] Built target more_interfaces__rosidl_typesupport_fastrtps_c__pyext
[0.447s] [35m[1mScanning dependencies of target amr_node[0m
[0.473s] [ 96%] [32mBuilding CXX object CMakeFiles/amr_node.dir/src/amr_node.cpp.o[0m
[6.617s] [100%] [32m[1mLinking CXX executable amr_node[0m
[6.881s] [100%] Built target amr_node
[6.897s] Invoked command in '/home/nils/knapp_ws/build/more_interfaces' returned '0': CMAKE_PREFIX_PATH=${CMAKE_PREFIX_PATH}:/home/nils/install/python_parameters:/home/nils/install/py_srvcli:/home/nils/install/py_pubsub:/opt/ros/foxy /usr/bin/cmake --build /home/nils/knapp_ws/build/more_interfaces -- -j1 -l1
[6.963s] Invoking command in '/home/nils/knapp_ws/build/more_interfaces': CMAKE_PREFIX_PATH=${CMAKE_PREFIX_PATH}:/home/nils/install/python_parameters:/home/nils/install/py_srvcli:/home/nils/install/py_pubsub:/opt/ros/foxy /usr/bin/cmake --install /home/nils/knapp_ws/build/more_interfaces
[6.975s] -- Install configuration: ""
[6.976s] -- Installing: /home/nils/knapp_ws/install/more_interfaces/lib/more_interfaces/amr_node
[6.978s] -- Set runtime path of "/home/nils/knapp_ws/install/more_interfaces/lib/more_interfaces/amr_node" to ""
[6.978s] -- Up-to-date: /home/nils/knapp_ws/install/more_interfaces/share/ament_index/resource_index/rosidl_interfaces/more_interfaces
[6.978s] -- Up-to-date: /home/nils/knapp_ws/install/more_interfaces/include/more_interfaces
[6.978s] -- Up-to-date: /home/nils/knapp_ws/install/more_interfaces/include/more_interfaces/msg
[6.978s] -- Up-to-date: /home/nils/knapp_ws/install/more_interfaces/include/more_interfaces/msg/rosidl_generator_c__visibility_control.h
[6.979s] -- Up-to-date: /home/nils/knapp_ws/install/more_interfaces/include/more_interfaces/msg/order.h
[6.979s] -- Up-to-date: /home/nils/knapp_ws/install/more_interfaces/include/more_interfaces/msg/detail
[6.979s] -- Up-to-date: /home/nils/knapp_ws/install/more_interfaces/include/more_interfaces/msg/detail/order__functions.c
[6.979s] -- Up-to-date: /home/nils/knapp_ws/install/more_interfaces/include/more_interfaces/msg/detail/order__functions.h
[6.979s] -- Up-to-date: /home/nils/knapp_ws/install/more_interfaces/include/more_interfaces/msg/detail/order__type_support.h
[6.979s] -- Up-to-date: /home/nils/knapp_ws/install/more_interfaces/include/more_interfaces/msg/detail/order__struct.h
[6.980s] -- Up-to-date: /home/nils/knapp_ws/install/more_interfaces/share/more_interfaces/environment/library_path.sh
[6.980s] -- Up-to-date: /home/nils/knapp_ws/install/more_interfaces/share/more_interfaces/environment/library_path.dsv
[6.980s] -- Up-to-date: /home/nils/knapp_ws/install/more_interfaces/lib/libmore_interfaces__rosidl_generator_c.so
[6.981s] -- Up-to-date: /home/nils/knapp_ws/install/more_interfaces/include/more_interfaces
[6.981s] -- Up-to-date: /home/nils/knapp_ws/install/more_interfaces/include/more_interfaces/msg
[6.981s] -- Up-to-date: /home/nils/knapp_ws/install/more_interfaces/include/more_interfaces/msg/rosidl_typesupport_fastrtps_c__visibility_control.h
[6.981s] -- Up-to-date: /home/nils/knapp_ws/install/more_interfaces/include/more_interfaces/msg/detail
[6.981s] -- Up-to-date: /home/nils/knapp_ws/install/more_interfaces/include/more_interfaces/msg/detail/order__rosidl_typesupport_fastrtps_c.h
[6.982s] -- Up-to-date: /home/nils/knapp_ws/install/more_interfaces/lib/libmore_interfaces__rosidl_typesupport_fastrtps_c.so
[6.982s] -- Up-to-date: /home/nils/knapp_ws/install/more_interfaces/include/more_interfaces
[6.982s] -- Up-to-date: /home/nils/knapp_ws/install/more_interfaces/include/more_interfaces/msg
[6.982s] -- Up-to-date: /home/nils/knapp_ws/install/more_interfaces/include/more_interfaces/msg/detail
[6.982s] -- Up-to-date: /home/nils/knapp_ws/install/more_interfaces/include/more_interfaces/msg/detail/dds_fastrtps
[6.983s] -- Up-to-date: /home/nils/knapp_ws/install/more_interfaces/include/more_interfaces/msg/detail/order__rosidl_typesupport_fastrtps_cpp.hpp
[6.983s] -- Up-to-date: /home/nils/knapp_ws/install/more_interfaces/include/more_interfaces/msg/rosidl_typesupport_fastrtps_cpp__visibility_control.h
[6.983s] -- Up-to-date: /home/nils/knapp_ws/install/more_interfaces/lib/libmore_interfaces__rosidl_typesupport_fastrtps_cpp.so
[6.984s] -- Up-to-date: /home/nils/knapp_ws/install/more_interfaces/include/more_interfaces
[6.984s] -- Up-to-date: /home/nils/knapp_ws/install/more_interfaces/include/more_interfaces/msg
[6.984s] -- Up-to-date: /home/nils/knapp_ws/install/more_interfaces/include/more_interfaces/msg/rosidl_typesupport_introspection_c__visibility_control.h
[6.984s] -- Up-to-date: /home/nils/knapp_ws/install/more_interfaces/include/more_interfaces/msg/detail
[6.984s] -- Up-to-date: /home/nils/knapp_ws/install/more_interfaces/include/more_interfaces/msg/detail/order__rosidl_typesupport_introspection_c.h
[6.984s] -- Up-to-date: /home/nils/knapp_ws/install/more_interfaces/include/more_interfaces/msg/detail/order__type_support.c
[6.985s] -- Up-to-date: /home/nils/knapp_ws/install/more_interfaces/lib/libmore_interfaces__rosidl_typesupport_introspection_c.so
[6.986s] -- Up-to-date: /home/nils/knapp_ws/install/more_interfaces/lib/libmore_interfaces__rosidl_typesupport_c.so
[6.986s] -- Up-to-date: /home/nils/knapp_ws/install/more_interfaces/include/more_interfaces
[6.986s] -- Up-to-date: /home/nils/knapp_ws/install/more_interfaces/include/more_interfaces/msg
[6.987s] -- Up-to-date: /home/nils/knapp_ws/install/more_interfaces/include/more_interfaces/msg/order.hpp
[6.987s] -- Up-to-date: /home/nils/knapp_ws/install/more_interfaces/include/more_interfaces/msg/detail
[6.987s] -- Up-to-date: /home/nils/knapp_ws/install/more_interfaces/include/more_interfaces/msg/detail/order__builder.hpp
[6.987s] -- Up-to-date: /home/nils/knapp_ws/install/more_interfaces/include/more_interfaces/msg/detail/order__struct.hpp
[6.987s] -- Up-to-date: /home/nils/knapp_ws/install/more_interfaces/include/more_interfaces/msg/detail/order__traits.hpp
[6.987s] -- Up-to-date: /home/nils/knapp_ws/install/more_interfaces/include/more_interfaces
[6.988s] -- Up-to-date: /home/nils/knapp_ws/install/more_interfaces/include/more_interfaces/msg
[6.988s] -- Up-to-date: /home/nils/knapp_ws/install/more_interfaces/include/more_interfaces/msg/detail
[6.988s] -- Up-to-date: /home/nils/knapp_ws/install/more_interfaces/include/more_interfaces/msg/detail/order__rosidl_typesupport_introspection_cpp.hpp
[6.988s] -- Up-to-date: /home/nils/knapp_ws/install/more_interfaces/include/more_interfaces/msg/detail/order__type_support.cpp
[6.988s] -- Up-to-date: /home/nils/knapp_ws/install/more_interfaces/lib/libmore_interfaces__rosidl_typesupport_introspection_cpp.so
[6.989s] -- Up-to-date: /home/nils/knapp_ws/install/more_interfaces/lib/libmore_interfaces__rosidl_typesupport_cpp.so
[6.989s] -- Up-to-date: /home/nils/knapp_ws/install/more_interfaces/share/more_interfaces/environment/pythonpath.sh
[6.989s] -- Up-to-date: /home/nils/knapp_ws/install/more_interfaces/share/more_interfaces/environment/pythonpath.dsv
[6.990s] -- Up-to-date: /home/nils/knapp_ws/install/more_interfaces/lib/python3.8/site-packages/more_interfaces/__init__.py
[7.029s] -- Up-to-date: /home/nils/knapp_ws/install/more_interfaces/lib/python3.8/site-packages/more_interfaces/msg
[7.030s] -- Up-to-date: /home/nils/knapp_ws/install/more_interfaces/lib/python3.8/site-packages/more_interfaces/msg/__init__.py
[7.030s] -- Up-to-date: /home/nils/knapp_ws/install/more_interfaces/lib/python3.8/site-packages/more_interfaces/msg/_order_s.c
[7.030s] -- Up-to-date: /home/nils/knapp_ws/install/more_interfaces/lib/python3.8/site-packages/more_interfaces/msg/_order.py
[7.031s] -- Up-to-date: /home/nils/knapp_ws/install/more_interfaces/lib/python3.8/site-packages/more_interfaces/more_interfaces_s__rosidl_typesupport_fastrtps_c.cpython-38-x86_64-linux-gnu.so
[7.031s] -- Up-to-date: /home/nils/knapp_ws/install/more_interfaces/lib/python3.8/site-packages/more_interfaces/more_interfaces_s__rosidl_typesupport_introspection_c.cpython-38-x86_64-linux-gnu.so
[7.032s] -- Up-to-date: /home/nils/knapp_ws/install/more_interfaces/lib/python3.8/site-packages/more_interfaces/more_interfaces_s__rosidl_typesupport_c.cpython-38-x86_64-linux-gnu.so
[7.033s] -- Up-to-date: /home/nils/knapp_ws/install/more_interfaces/lib/libmore_interfaces__python.so
[7.033s] -- Up-to-date: /home/nils/knapp_ws/install/more_interfaces/share/more_interfaces/msg/Order.idl
[7.033s] -- Up-to-date: /home/nils/knapp_ws/install/more_interfaces/share/more_interfaces/msg/Order.msg
[7.034s] -- Up-to-date: /home/nils/knapp_ws/install/more_interfaces/share/ament_index/resource_index/package_run_dependencies/more_interfaces
[7.034s] -- Up-to-date: /home/nils/knapp_ws/install/more_interfaces/share/ament_index/resource_index/parent_prefix_path/more_interfaces
[7.034s] -- Up-to-date: /home/nils/knapp_ws/install/more_interfaces/share/more_interfaces/environment/ament_prefix_path.sh
[7.034s] -- Up-to-date: /home/nils/knapp_ws/install/more_interfaces/share/more_interfaces/environment/ament_prefix_path.dsv
[7.034s] -- Up-to-date: /home/nils/knapp_ws/install/more_interfaces/share/more_interfaces/environment/path.sh
[7.035s] -- Up-to-date: /home/nils/knapp_ws/install/more_interfaces/share/more_interfaces/environment/path.dsv
[7.035s] -- Up-to-date: /home/nils/knapp_ws/install/more_interfaces/share/more_interfaces/local_setup.bash
[7.035s] -- Up-to-date: /home/nils/knapp_ws/install/more_interfaces/share/more_interfaces/local_setup.sh
[7.035s] -- Up-to-date: /home/nils/knapp_ws/install/more_interfaces/share/more_interfaces/local_setup.zsh
[7.035s] -- Up-to-date: /home/nils/knapp_ws/install/more_interfaces/share/more_interfaces/local_setup.dsv
[7.036s] -- Installing: /home/nils/knapp_ws/install/more_interfaces/share/more_interfaces/package.dsv
[7.036s] -- Up-to-date: /home/nils/knapp_ws/install/more_interfaces/share/ament_index/resource_index/packages/more_interfaces
[7.036s] -- Up-to-date: /home/nils/knapp_ws/install/more_interfaces/share/more_interfaces/cmake/more_interfaces__rosidl_generator_cExport.cmake
[7.037s] -- Up-to-date: /home/nils/knapp_ws/install/more_interfaces/share/more_interfaces/cmake/more_interfaces__rosidl_generator_cExport-noconfig.cmake
[7.037s] -- Up-to-date: /home/nils/knapp_ws/install/more_interfaces/share/more_interfaces/cmake/more_interfaces__rosidl_typesupport_introspection_cExport.cmake
[7.037s] -- Up-to-date: /home/nils/knapp_ws/install/more_interfaces/share/more_interfaces/cmake/more_interfaces__rosidl_typesupport_introspection_cExport-noconfig.cmake
[7.037s] -- Up-to-date: /home/nils/knapp_ws/install/more_interfaces/share/more_interfaces/cmake/more_interfaces__rosidl_typesupport_cExport.cmake
[7.038s] -- Up-to-date: /home/nils/knapp_ws/install/more_interfaces/share/more_interfaces/cmake/more_interfaces__rosidl_typesupport_cExport-noconfig.cmake
[7.038s] -- Up-to-date: /home/nils/knapp_ws/install/more_interfaces/share/more_interfaces/cmake/more_interfaces__rosidl_generator_cppExport.cmake
[7.038s] -- Up-to-date: /home/nils/knapp_ws/install/more_interfaces/share/more_interfaces/cmake/more_interfaces__rosidl_typesupport_introspection_cppExport.cmake
[7.038s] -- Up-to-date: /home/nils/knapp_ws/install/more_interfaces/share/more_interfaces/cmake/more_interfaces__rosidl_typesupport_introspection_cppExport-noconfig.cmake
[7.039s] -- Up-to-date: /home/nils/knapp_ws/install/more_interfaces/share/more_interfaces/cmake/more_interfaces__rosidl_typesupport_cppExport.cmake
[7.039s] -- Up-to-date: /home/nils/knapp_ws/install/more_interfaces/share/more_interfaces/cmake/more_interfaces__rosidl_typesupport_cppExport-noconfig.cmake
[7.039s] -- Up-to-date: /home/nils/knapp_ws/install/more_interfaces/share/more_interfaces/cmake/rosidl_cmake-extras.cmake
[7.039s] -- Up-to-date: /home/nils/knapp_ws/install/more_interfaces/share/more_interfaces/cmake/ament_cmake_export_dependencies-extras.cmake
[7.040s] -- Up-to-date: /home/nils/knapp_ws/install/more_interfaces/share/more_interfaces/cmake/ament_cmake_export_libraries-extras.cmake
[7.040s] -- Up-to-date: /home/nils/knapp_ws/install/more_interfaces/share/more_interfaces/cmake/ament_cmake_export_targets-extras.cmake
[7.040s] -- Up-to-date: /home/nils/knapp_ws/install/more_interfaces/share/more_interfaces/cmake/ament_cmake_export_include_directories-extras.cmake
[7.040s] -- Up-to-date: /home/nils/knapp_ws/install/more_interfaces/share/more_interfaces/cmake/rosidl_cmake_export_typesupport_libraries-extras.cmake
[7.040s] -- Up-to-date: /home/nils/knapp_ws/install/more_interfaces/share/more_interfaces/cmake/rosidl_cmake_export_typesupport_targets-extras.cmake
[7.041s] -- Up-to-date: /home/nils/knapp_ws/install/more_interfaces/share/more_interfaces/cmake/more_interfacesConfig.cmake
[7.041s] -- Up-to-date: /home/nils/knapp_ws/install/more_interfaces/share/more_interfaces/cmake/more_interfacesConfig-version.cmake
[7.041s] -- Up-to-date: /home/nils/knapp_ws/install/more_interfaces/share/more_interfaces/package.xml
[7.044s] Invoked command in '/home/nils/knapp_ws/build/more_interfaces' returned '0': CMAKE_PREFIX_PATH=${CMAKE_PREFIX_PATH}:/home/nils/install/python_parameters:/home/nils/install/py_srvcli:/home/nils/install/py_pubsub:/opt/ros/foxy /usr/bin/cmake --install /home/nils/knapp_ws/build/more_interfaces
