[0.010s] Invoking command in '/home/nils/knapp_ws/build/more_interfaces': CMAKE_PREFIX_PATH=${CMAKE_PREFIX_PATH}:/home/nils/install/python_parameters:/home/nils/install/py_srvcli:/home/nils/install/py_pubsub:/opt/ros/foxy /usr/bin/cmake --build /home/nils/knapp_ws/build/more_interfaces -- -j1 -l1
[0.095s] [  3%] Built target more_interfaces__cpp
[0.132s] [ 12%] Built target more_interfaces__rosidl_typesupport_introspection_cpp
[0.163s] [ 21%] Built target more_interfaces__rosidl_typesupport_cpp
[0.188s] [ 30%] Built target more_interfaces__rosidl_generator_c
[0.209s] [ 39%] Built target more_interfaces__rosidl_typesupport_c
[0.238s] [ 48%] Built target more_interfaces__rosidl_typesupport_fastrtps_cpp
[0.262s] [ 57%] Built target more_interfaces__rosidl_typesupport_fastrtps_c
[0.284s] [ 66%] Built target more_interfaces__rosidl_typesupport_introspection_c
[0.304s] [ 66%] Built target more_interfaces
[0.326s] [ 69%] Built target more_interfaces__py
[0.353s] [ 75%] Built target more_interfaces__python
[0.379s] [ 81%] Built target more_interfaces__rosidl_typesupport_c__pyext
[0.404s] [ 87%] Built target more_interfaces__rosidl_typesupport_introspection_c__pyext
[0.430s] [ 93%] Built target more_interfaces__rosidl_typesupport_fastrtps_c__pyext
[0.444s] [35m[1mScanning dependencies of target amr_node[0m
[0.468s] [ 96%] [32mBuilding CXX object CMakeFiles/amr_node.dir/src/amr_node.cpp.o[0m
[6.726s] [100%] [32m[1mLinking CXX executable amr_node[0m
[6.993s] [100%] Built target amr_node
[7.006s] Invoked command in '/home/nils/knapp_ws/build/more_interfaces' returned '0': CMAKE_PREFIX_PATH=${CMAKE_PREFIX_PATH}:/home/nils/install/python_parameters:/home/nils/install/py_srvcli:/home/nils/install/py_pubsub:/opt/ros/foxy /usr/bin/cmake --build /home/nils/knapp_ws/build/more_interfaces -- -j1 -l1
[7.072s] Invoking command in '/home/nils/knapp_ws/build/more_interfaces': CMAKE_PREFIX_PATH=${CMAKE_PREFIX_PATH}:/home/nils/install/python_parameters:/home/nils/install/py_srvcli:/home/nils/install/py_pubsub:/opt/ros/foxy /usr/bin/cmake --install /home/nils/knapp_ws/build/more_interfaces
[7.083s] -- Install configuration: ""
[7.086s] -- Installing: /home/nils/knapp_ws/install/more_interfaces/lib/more_interfaces/amr_node
[7.088s] -- Set runtime path of "/home/nils/knapp_ws/install/more_interfaces/lib/more_interfaces/amr_node" to ""
[7.089s] -- Up-to-date: /home/nils/knapp_ws/install/more_interfaces/share/ament_index/resource_index/rosidl_interfaces/more_interfaces
[7.089s] -- Up-to-date: /home/nils/knapp_ws/install/more_interfaces/include/more_interfaces
[7.089s] -- Up-to-date: /home/nils/knapp_ws/install/more_interfaces/include/more_interfaces/msg
[7.089s] -- Up-to-date: /home/nils/knapp_ws/install/more_interfaces/include/more_interfaces/msg/rosidl_generator_c__visibility_control.h
[7.089s] -- Up-to-date: /home/nils/knapp_ws/install/more_interfaces/include/more_interfaces/msg/order.h
[7.090s] -- Up-to-date: /home/nils/knapp_ws/install/more_interfaces/include/more_interfaces/msg/detail
[7.090s] -- Up-to-date: /home/nils/knapp_ws/install/more_interfaces/include/more_interfaces/msg/detail/order__functions.c
[7.090s] -- Up-to-date: /home/nils/knapp_ws/install/more_interfaces/include/more_interfaces/msg/detail/order__functions.h
[7.090s] -- Up-to-date: /home/nils/knapp_ws/install/more_interfaces/include/more_interfaces/msg/detail/order__type_support.h
[7.090s] -- Up-to-date: /home/nils/knapp_ws/install/more_interfaces/include/more_interfaces/msg/detail/order__struct.h
[7.090s] -- Up-to-date: /home/nils/knapp_ws/install/more_interfaces/share/more_interfaces/environment/library_path.sh
[7.091s] -- Up-to-date: /home/nils/knapp_ws/install/more_interfaces/share/more_interfaces/environment/library_path.dsv
[7.091s] -- Up-to-date: /home/nils/knapp_ws/install/more_interfaces/lib/libmore_interfaces__rosidl_generator_c.so
[7.091s] -- Up-to-date: /home/nils/knapp_ws/install/more_interfaces/include/more_interfaces
[7.092s] -- Up-to-date: /home/nils/knapp_ws/install/more_interfaces/include/more_interfaces/msg
[7.092s] -- Up-to-date: /home/nils/knapp_ws/install/more_interfaces/include/more_interfaces/msg/rosidl_typesupport_fastrtps_c__visibility_control.h
[7.092s] -- Up-to-date: /home/nils/knapp_ws/install/more_interfaces/include/more_interfaces/msg/detail
[7.092s] -- Up-to-date: /home/nils/knapp_ws/install/more_interfaces/include/more_interfaces/msg/detail/order__rosidl_typesupport_fastrtps_c.h
[7.092s] -- Up-to-date: /home/nils/knapp_ws/install/more_interfaces/lib/libmore_interfaces__rosidl_typesupport_fastrtps_c.so
[7.093s] -- Up-to-date: /home/nils/knapp_ws/install/more_interfaces/include/more_interfaces
[7.093s] -- Up-to-date: /home/nils/knapp_ws/install/more_interfaces/include/more_interfaces/msg
[7.093s] -- Up-to-date: /home/nils/knapp_ws/install/more_interfaces/include/more_interfaces/msg/detail
[7.093s] -- Up-to-date: /home/nils/knapp_ws/install/more_interfaces/include/more_interfaces/msg/detail/dds_fastrtps
[7.093s] -- Up-to-date: /home/nils/knapp_ws/install/more_interfaces/include/more_interfaces/msg/detail/order__rosidl_typesupport_fastrtps_cpp.hpp
[7.094s] -- Up-to-date: /home/nils/knapp_ws/install/more_interfaces/include/more_interfaces/msg/rosidl_typesupport_fastrtps_cpp__visibility_control.h
[7.094s] -- Up-to-date: /home/nils/knapp_ws/install/more_interfaces/lib/libmore_interfaces__rosidl_typesupport_fastrtps_cpp.so
[7.094s] -- Up-to-date: /home/nils/knapp_ws/install/more_interfaces/include/more_interfaces
[7.095s] -- Up-to-date: /home/nils/knapp_ws/install/more_interfaces/include/more_interfaces/msg
[7.095s] -- Up-to-date: /home/nils/knapp_ws/install/more_interfaces/include/more_interfaces/msg/rosidl_typesupport_introspection_c__visibility_control.h
[7.095s] -- Up-to-date: /home/nils/knapp_ws/install/more_interfaces/include/more_interfaces/msg/detail
[7.095s] -- Up-to-date: /home/nils/knapp_ws/install/more_interfaces/include/more_interfaces/msg/detail/order__rosidl_typesupport_introspection_c.h
[7.095s] -- Up-to-date: /home/nils/knapp_ws/install/more_interfaces/include/more_interfaces/msg/detail/order__type_support.c
[7.096s] -- Up-to-date: /home/nils/knapp_ws/install/more_interfaces/lib/libmore_interfaces__rosidl_typesupport_introspection_c.so
[7.096s] -- Up-to-date: /home/nils/knapp_ws/install/more_interfaces/lib/libmore_interfaces__rosidl_typesupport_c.so
[7.097s] -- Up-to-date: /home/nils/knapp_ws/install/more_interfaces/include/more_interfaces
[7.097s] -- Up-to-date: /home/nils/knapp_ws/install/more_interfaces/include/more_interfaces/msg
[7.097s] -- Up-to-date: /home/nils/knapp_ws/install/more_interfaces/include/more_interfaces/msg/order.hpp
[7.097s] -- Up-to-date: /home/nils/knapp_ws/install/more_interfaces/include/more_interfaces/msg/detail
[7.097s] -- Up-to-date: /home/nils/knapp_ws/install/more_interfaces/include/more_interfaces/msg/detail/order__builder.hpp
[7.097s] -- Up-to-date: /home/nils/knapp_ws/install/more_interfaces/include/more_interfaces/msg/detail/order__struct.hpp
[7.098s] -- Up-to-date: /home/nils/knapp_ws/install/more_interfaces/include/more_interfaces/msg/detail/order__traits.hpp
[7.098s] -- Up-to-date: /home/nils/knapp_ws/install/more_interfaces/include/more_interfaces
[7.098s] -- Up-to-date: /home/nils/knapp_ws/install/more_interfaces/include/more_interfaces/msg
[7.098s] -- Up-to-date: /home/nils/knapp_ws/install/more_interfaces/include/more_interfaces/msg/detail
[7.098s] -- Up-to-date: /home/nils/knapp_ws/install/more_interfaces/include/more_interfaces/msg/detail/order__rosidl_typesupport_introspection_cpp.hpp
[7.098s] -- Up-to-date: /home/nils/knapp_ws/install/more_interfaces/include/more_interfaces/msg/detail/order__type_support.cpp
[7.099s] -- Up-to-date: /home/nils/knapp_ws/install/more_interfaces/lib/libmore_interfaces__rosidl_typesupport_introspection_cpp.so
[7.099s] -- Up-to-date: /home/nils/knapp_ws/install/more_interfaces/lib/libmore_interfaces__rosidl_typesupport_cpp.so
[7.100s] -- Up-to-date: /home/nils/knapp_ws/install/more_interfaces/share/more_interfaces/environment/pythonpath.sh
[7.100s] -- Up-to-date: /home/nils/knapp_ws/install/more_interfaces/share/more_interfaces/environment/pythonpath.dsv
[7.100s] -- Up-to-date: /home/nils/knapp_ws/install/more_interfaces/lib/python3.8/site-packages/more_interfaces/__init__.py
[7.142s] -- Up-to-date: /home/nils/knapp_ws/install/more_interfaces/lib/python3.8/site-packages/more_interfaces/msg
[7.142s] -- Up-to-date: /home/nils/knapp_ws/install/more_interfaces/lib/python3.8/site-packages/more_interfaces/msg/__init__.py
[7.143s] -- Up-to-date: /home/nils/knapp_ws/install/more_interfaces/lib/python3.8/site-packages/more_interfaces/msg/_order_s.c
[7.143s] -- Up-to-date: /home/nils/knapp_ws/install/more_interfaces/lib/python3.8/site-packages/more_interfaces/msg/_order.py
[7.143s] -- Up-to-date: /home/nils/knapp_ws/install/more_interfaces/lib/python3.8/site-packages/more_interfaces/more_interfaces_s__rosidl_typesupport_fastrtps_c.cpython-38-x86_64-linux-gnu.so
[7.144s] -- Up-to-date: /home/nils/knapp_ws/install/more_interfaces/lib/python3.8/site-packages/more_interfaces/more_interfaces_s__rosidl_typesupport_introspection_c.cpython-38-x86_64-linux-gnu.so
[7.145s] -- Up-to-date: /home/nils/knapp_ws/install/more_interfaces/lib/python3.8/site-packages/more_interfaces/more_interfaces_s__rosidl_typesupport_c.cpython-38-x86_64-linux-gnu.so
[7.146s] -- Up-to-date: /home/nils/knapp_ws/install/more_interfaces/lib/libmore_interfaces__python.so
[7.146s] -- Up-to-date: /home/nils/knapp_ws/install/more_interfaces/share/more_interfaces/msg/Order.idl
[7.146s] -- Up-to-date: /home/nils/knapp_ws/install/more_interfaces/share/more_interfaces/msg/Order.msg
[7.146s] -- Up-to-date: /home/nils/knapp_ws/install/more_interfaces/share/ament_index/resource_index/package_run_dependencies/more_interfaces
[7.147s] -- Up-to-date: /home/nils/knapp_ws/install/more_interfaces/share/ament_index/resource_index/parent_prefix_path/more_interfaces
[7.147s] -- Up-to-date: /home/nils/knapp_ws/install/more_interfaces/share/more_interfaces/environment/ament_prefix_path.sh
[7.147s] -- Up-to-date: /home/nils/knapp_ws/install/more_interfaces/share/more_interfaces/environment/ament_prefix_path.dsv
[7.147s] -- Up-to-date: /home/nils/knapp_ws/install/more_interfaces/share/more_interfaces/environment/path.sh
[7.147s] -- Up-to-date: /home/nils/knapp_ws/install/more_interfaces/share/more_interfaces/environment/path.dsv
[7.148s] -- Up-to-date: /home/nils/knapp_ws/install/more_interfaces/share/more_interfaces/local_setup.bash
[7.148s] -- Up-to-date: /home/nils/knapp_ws/install/more_interfaces/share/more_interfaces/local_setup.sh
[7.148s] -- Up-to-date: /home/nils/knapp_ws/install/more_interfaces/share/more_interfaces/local_setup.zsh
[7.148s] -- Up-to-date: /home/nils/knapp_ws/install/more_interfaces/share/more_interfaces/local_setup.dsv
[7.148s] -- Installing: /home/nils/knapp_ws/install/more_interfaces/share/more_interfaces/package.dsv
[7.149s] -- Up-to-date: /home/nils/knapp_ws/install/more_interfaces/share/ament_index/resource_index/packages/more_interfaces
[7.149s] -- Up-to-date: /home/nils/knapp_ws/install/more_interfaces/share/more_interfaces/cmake/more_interfaces__rosidl_generator_cExport.cmake
[7.149s] -- Up-to-date: /home/nils/knapp_ws/install/more_interfaces/share/more_interfaces/cmake/more_interfaces__rosidl_generator_cExport-noconfig.cmake
[7.149s] -- Up-to-date: /home/nils/knapp_ws/install/more_interfaces/share/more_interfaces/cmake/more_interfaces__rosidl_typesupport_introspection_cExport.cmake
[7.150s] -- Up-to-date: /home/nils/knapp_ws/install/more_interfaces/share/more_interfaces/cmake/more_interfaces__rosidl_typesupport_introspection_cExport-noconfig.cmake
[7.150s] -- Up-to-date: /home/nils/knapp_ws/install/more_interfaces/share/more_interfaces/cmake/more_interfaces__rosidl_typesupport_cExport.cmake
[7.150s] -- Up-to-date: /home/nils/knapp_ws/install/more_interfaces/share/more_interfaces/cmake/more_interfaces__rosidl_typesupport_cExport-noconfig.cmake
[7.150s] -- Up-to-date: /home/nils/knapp_ws/install/more_interfaces/share/more_interfaces/cmake/more_interfaces__rosidl_generator_cppExport.cmake
[7.151s] -- Up-to-date: /home/nils/knapp_ws/install/more_interfaces/share/more_interfaces/cmake/more_interfaces__rosidl_typesupport_introspection_cppExport.cmake
[7.151s] -- Up-to-date: /home/nils/knapp_ws/install/more_interfaces/share/more_interfaces/cmake/more_interfaces__rosidl_typesupport_introspection_cppExport-noconfig.cmake
[7.151s] -- Up-to-date: /home/nils/knapp_ws/install/more_interfaces/share/more_interfaces/cmake/more_interfaces__rosidl_typesupport_cppExport.cmake
[7.151s] -- Up-to-date: /home/nils/knapp_ws/install/more_interfaces/share/more_interfaces/cmake/more_interfaces__rosidl_typesupport_cppExport-noconfig.cmake
[7.152s] -- Up-to-date: /home/nils/knapp_ws/install/more_interfaces/share/more_interfaces/cmake/rosidl_cmake-extras.cmake
[7.152s] -- Up-to-date: /home/nils/knapp_ws/install/more_interfaces/share/more_interfaces/cmake/ament_cmake_export_dependencies-extras.cmake
[7.152s] -- Up-to-date: /home/nils/knapp_ws/install/more_interfaces/share/more_interfaces/cmake/ament_cmake_export_libraries-extras.cmake
[7.152s] -- Up-to-date: /home/nils/knapp_ws/install/more_interfaces/share/more_interfaces/cmake/ament_cmake_export_targets-extras.cmake
[7.153s] -- Up-to-date: /home/nils/knapp_ws/install/more_interfaces/share/more_interfaces/cmake/ament_cmake_export_include_directories-extras.cmake
[7.153s] -- Up-to-date: /home/nils/knapp_ws/install/more_interfaces/share/more_interfaces/cmake/rosidl_cmake_export_typesupport_libraries-extras.cmake
[7.153s] -- Up-to-date: /home/nils/knapp_ws/install/more_interfaces/share/more_interfaces/cmake/rosidl_cmake_export_typesupport_targets-extras.cmake
[7.153s] -- Up-to-date: /home/nils/knapp_ws/install/more_interfaces/share/more_interfaces/cmake/more_interfacesConfig.cmake
[7.153s] -- Up-to-date: /home/nils/knapp_ws/install/more_interfaces/share/more_interfaces/cmake/more_interfacesConfig-version.cmake
[7.153s] -- Up-to-date: /home/nils/knapp_ws/install/more_interfaces/share/more_interfaces/package.xml
[7.160s] Invoked command in '/home/nils/knapp_ws/build/more_interfaces' returned '0': CMAKE_PREFIX_PATH=${CMAKE_PREFIX_PATH}:/home/nils/install/python_parameters:/home/nils/install/py_srvcli:/home/nils/install/py_pubsub:/opt/ros/foxy /usr/bin/cmake --install /home/nils/knapp_ws/build/more_interfaces
